Started GET "/" for 127.0.0.1 at 2023-06-20 11:34:10 +0300
  
ActiveRecord::NoDatabaseError (We could not find your database: BlogApp_development. Which can be found in the database configuration file located at config/database.yml.

To resolve this issue:

- Did you create the database for this app, or delete it? You may need to create your database.
- Has the database name changed? Check your database.yml config has the correct database name.

To create your database, run:

        bin/rails db:create
):
  
activerecord (7.0.4.1) lib/active_record/connection_adapters/postgresql_adapter.rb:81:in `rescue in new_client'
activerecord (7.0.4.1) lib/active_record/connection_adapters/postgresql_adapter.rb:77:in `new_client'
activerecord (7.0.4.1) lib/active_record/connection_adapters/postgresql_adapter.rb:37:in `postgresql_connection'
activerecord (7.0.4.1) lib/active_record/connection_adapters/abstract/connection_pool.rb:656:in `public_send'
activerecord (7.0.4.1) lib/active_record/connection_adapters/abstract/connection_pool.rb:656:in `new_connection'
activerecord (7.0.4.1) lib/active_record/connection_adapters/abstract/connection_pool.rb:700:in `checkout_new_connection'
activerecord (7.0.4.1) lib/active_record/connection_adapters/abstract/connection_pool.rb:679:in `try_to_checkout_new_connection'
activerecord (7.0.4.1) lib/active_record/connection_adapters/abstract/connection_pool.rb:640:in `acquire_connection'
activerecord (7.0.4.1) lib/active_record/connection_adapters/abstract/connection_pool.rb:341:in `checkout'
activerecord (7.0.4.1) lib/active_record/connection_adapters/abstract/connection_pool.rb:181:in `connection'
activerecord (7.0.4.1) lib/active_record/connection_adapters/abstract/connection_handler.rb:211:in `retrieve_connection'
activerecord (7.0.4.1) lib/active_record/connection_handling.rb:313:in `retrieve_connection'
activerecord (7.0.4.1) lib/active_record/connection_handling.rb:280:in `connection'
activerecord (7.0.4.1) lib/active_record/migration.rb:613:in `connection'
activerecord (7.0.4.1) lib/active_record/migration.rb:608:in `build_watcher'
activerecord (7.0.4.1) lib/active_record/migration.rb:590:in `block in call'
activerecord (7.0.4.1) lib/active_record/migration.rb:589:in `synchronize'
activerecord (7.0.4.1) lib/active_record/migration.rb:589:in `call'
actionpack (7.0.4.1) lib/action_dispatch/middleware/callbacks.rb:27:in `block in call'
activesupport (7.0.4.1) lib/active_support/callbacks.rb:99:in `run_callbacks'
actionpack (7.0.4.1) lib/action_dispatch/middleware/callbacks.rb:26:in `call'
actionpack (7.0.4.1) lib/action_dispatch/middleware/executor.rb:14:in `call'
actionpack (7.0.4.1) lib/action_dispatch/middleware/actionable_exceptions.rb:17:in `call'
actionpack (7.0.4.1) lib/action_dispatch/middleware/debug_exceptions.rb:28:in `call'
web-console (4.2.0) lib/web_console/middleware.rb:132:in `call_app'
web-console (4.2.0) lib/web_console/middleware.rb:28:in `block in call'
web-console (4.2.0) lib/web_console/middleware.rb:17:in `catch'
web-console (4.2.0) lib/web_console/middleware.rb:17:in `call'
actionpack (7.0.4.1) lib/action_dispatch/middleware/show_exceptions.rb:26:in `call'
railties (7.0.4.1) lib/rails/rack/logger.rb:40:in `call_app'
railties (7.0.4.1) lib/rails/rack/logger.rb:25:in `block in call'
activesupport (7.0.4.1) lib/active_support/tagged_logging.rb:99:in `block in tagged'
activesupport (7.0.4.1) lib/active_support/tagged_logging.rb:37:in `tagged'
activesupport (7.0.4.1) lib/active_support/tagged_logging.rb:99:in `tagged'
railties (7.0.4.1) lib/rails/rack/logger.rb:25:in `call'
sprockets-rails (3.4.2) lib/sprockets/rails/quiet_assets.rb:13:in `call'
actionpack (7.0.4.1) lib/action_dispatch/middleware/remote_ip.rb:93:in `call'
actionpack (7.0.4.1) lib/action_dispatch/middleware/request_id.rb:26:in `call'
rack (2.2.6.2) lib/rack/method_override.rb:24:in `call'
rack (2.2.6.2) lib/rack/runtime.rb:22:in `call'
activesupport (7.0.4.1) lib/active_support/cache/strategy/local_cache_middleware.rb:29:in `call'
actionpack (7.0.4.1) lib/action_dispatch/middleware/server_timing.rb:61:in `block in call'
actionpack (7.0.4.1) lib/action_dispatch/middleware/server_timing.rb:26:in `collect_events'
actionpack (7.0.4.1) lib/action_dispatch/middleware/server_timing.rb:60:in `call'
actionpack (7.0.4.1) lib/action_dispatch/middleware/executor.rb:14:in `call'
actionpack (7.0.4.1) lib/action_dispatch/middleware/static.rb:23:in `call'
rack (2.2.6.2) lib/rack/sendfile.rb:110:in `call'
actionpack (7.0.4.1) lib/action_dispatch/middleware/host_authorization.rb:137:in `call'
railties (7.0.4.1) lib/rails/engine.rb:530:in `call'
puma (5.6.5) lib/puma/configuration.rb:252:in `call'
puma (5.6.5) lib/puma/request.rb:77:in `block in handle_request'
puma (5.6.5) lib/puma/thread_pool.rb:340:in `with_force_shutdown'
puma (5.6.5) lib/puma/request.rb:76:in `handle_request'
puma (5.6.5) lib/puma/server.rb:443:in `process_client'
puma (5.6.5) lib/puma/thread_pool.rb:147:in `block in spawn_thread'
  [1m[35m (415.0ms)[0m  [1m[35mCREATE DATABASE "BlogApp_development" ENCODING = 'unicode'[0m
  [1m[35m (297.7ms)[0m  [1m[35mCREATE DATABASE "BlogApp_test" ENCODING = 'unicode'[0m
  [1m[35m (47.8ms)[0m  [1m[35mCREATE TABLE "schema_migrations" ("version" character varying NOT NULL PRIMARY KEY)[0m
  [1m[35m (5.8ms)[0m  [1m[35mCREATE TABLE "ar_internal_metadata" ("key" character varying NOT NULL PRIMARY KEY, "value" character varying, "created_at" timestamp(6) NOT NULL, "updated_at" timestamp(6) NOT NULL)[0m
  [1m[35m (2.0ms)[0m  [1m[34mSELECT pg_try_advisory_lock(6045777927375424770)[0m
  [1m[36mActiveRecord::SchemaMigration Pluck (1.2ms)[0m  [1m[34mSELECT "schema_migrations"."version" FROM "schema_migrations" ORDER BY "schema_migrations"."version" ASC[0m
Migrating to CreateUser (20230118103508)
  [1m[36mTRANSACTION (0.4ms)[0m  [1m[35mBEGIN[0m
  [1m[35m (6.0ms)[0m  [1m[35mCREATE TABLE "users" ("id" bigserial primary key, "name" character varying, "photo" text, "bio" character varying, "posts_counter" integer DEFAULT 0, "created_at" timestamp(6) NOT NULL, "updated_at" timestamp(6) NOT NULL)[0m
  [1m[36mActiveRecord::SchemaMigration Create (2.1ms)[0m  [1m[32mINSERT INTO "schema_migrations" ("version") VALUES ($1) RETURNING "version"[0m  [["version", "20230118103508"]]
  [1m[36mTRANSACTION (0.3ms)[0m  [1m[35mCOMMIT[0m
Migrating to CreatePost (20230118125530)
  [1m[36mTRANSACTION (0.5ms)[0m  [1m[35mBEGIN[0m
  [1m[35m (2.9ms)[0m  [1m[35mCREATE TABLE "posts" ("id" bigserial primary key, "title" character varying, "text" text, "comments_counter" integer DEFAULT 0, "likes_counter" integer DEFAULT 0, "created_at" timestamp(6) NOT NULL, "updated_at" timestamp(6) NOT NULL)[0m
  [1m[36mActiveRecord::SchemaMigration Create (0.3ms)[0m  [1m[32mINSERT INTO "schema_migrations" ("version") VALUES ($1) RETURNING "version"[0m  [["version", "20230118125530"]]
  [1m[36mTRANSACTION (0.3ms)[0m  [1m[35mCOMMIT[0m
Migrating to AddUsersToPosts (20230118131834)
  [1m[36mTRANSACTION (0.3ms)[0m  [1m[35mBEGIN[0m
  [1m[35m (1.1ms)[0m  [1m[35mALTER TABLE "posts" ADD "author_id" bigint NOT NULL[0m
  [1m[35m (0.7ms)[0m  [1m[35mCREATE INDEX "index_posts_on_author_id" ON "posts" ("author_id")[0m
  [1m[35m (5.5ms)[0m  [1m[35mALTER TABLE "posts" ADD CONSTRAINT "fk_rails_04d13ef8c7"
FOREIGN KEY ("author_id")
  REFERENCES "users" ("id")
[0m
  [1m[36mActiveRecord::SchemaMigration Create (0.3ms)[0m  [1m[32mINSERT INTO "schema_migrations" ("version") VALUES ($1) RETURNING "version"[0m  [["version", "20230118131834"]]
  [1m[36mTRANSACTION (0.3ms)[0m  [1m[35mCOMMIT[0m
Migrating to CreateLikes (20230118132503)
  [1m[36mTRANSACTION (0.2ms)[0m  [1m[35mBEGIN[0m
  [1m[35m (2.6ms)[0m  [1m[35mCREATE TABLE "likes" ("id" bigserial primary key, "created_at" timestamp(6) NOT NULL, "updated_at" timestamp(6) NOT NULL)[0m
  [1m[36mActiveRecord::SchemaMigration Create (0.2ms)[0m  [1m[32mINSERT INTO "schema_migrations" ("version") VALUES ($1) RETURNING "version"[0m  [["version", "20230118132503"]]
  [1m[36mTRANSACTION (0.3ms)[0m  [1m[35mCOMMIT[0m
Migrating to AddUsersToLikesAndAddPostsToLikes (20230118132645)
  [1m[36mTRANSACTION (0.3ms)[0m  [1m[35mBEGIN[0m
  [1m[35m (0.4ms)[0m  [1m[35mALTER TABLE "likes" ADD "author_id" bigint NOT NULL[0m
  [1m[35m (17.7ms)[0m  [1m[35mCREATE INDEX "index_likes_on_author_id" ON "likes" ("author_id")[0m
  [1m[35m (1.6ms)[0m  [1m[35mALTER TABLE "likes" ADD CONSTRAINT "fk_rails_1f2302367a"
FOREIGN KEY ("author_id")
  REFERENCES "users" ("id")
[0m
  [1m[35m (0.5ms)[0m  [1m[35mALTER TABLE "likes" ADD "post_id" bigint NOT NULL[0m
  [1m[35m (0.8ms)[0m  [1m[35mCREATE INDEX "index_likes_on_post_id" ON "likes" ("post_id")[0m
  [1m[35m (0.9ms)[0m  [1m[35mALTER TABLE "likes" ADD CONSTRAINT "fk_rails_87a8aac469"
FOREIGN KEY ("post_id")
  REFERENCES "posts" ("id")
[0m
  [1m[36mActiveRecord::SchemaMigration Create (0.2ms)[0m  [1m[32mINSERT INTO "schema_migrations" ("version") VALUES ($1) RETURNING "version"[0m  [["version", "20230118132645"]]
  [1m[36mTRANSACTION (11.0ms)[0m  [1m[35mCOMMIT[0m
Migrating to CreateComments (20230118132911)
  [1m[36mTRANSACTION (0.3ms)[0m  [1m[35mBEGIN[0m
  [1m[35m (2.6ms)[0m  [1m[35mCREATE TABLE "comments" ("id" bigserial primary key, "text" text, "created_at" timestamp(6) NOT NULL, "updated_at" timestamp(6) NOT NULL)[0m
  [1m[36mActiveRecord::SchemaMigration Create (0.2ms)[0m  [1m[32mINSERT INTO "schema_migrations" ("version") VALUES ($1) RETURNING "version"[0m  [["version", "20230118132911"]]
  [1m[36mTRANSACTION (0.3ms)[0m  [1m[35mCOMMIT[0m
Migrating to AddUsersToCommentAndAddPostsToComment (20230118133259)
  [1m[36mTRANSACTION (0.3ms)[0m  [1m[35mBEGIN[0m
  [1m[35m (0.3ms)[0m  [1m[35mALTER TABLE "comments" ADD "author_id" bigint NOT NULL[0m
  [1m[35m (17.5ms)[0m  [1m[35mCREATE INDEX "index_comments_on_author_id" ON "comments" ("author_id")[0m
  [1m[35m (1.0ms)[0m  [1m[35mALTER TABLE "comments" ADD CONSTRAINT "fk_rails_f44b1e3c8a"
FOREIGN KEY ("author_id")
  REFERENCES "users" ("id")
[0m
  [1m[35m (0.5ms)[0m  [1m[35mALTER TABLE "comments" ADD "post_id" bigint NOT NULL[0m
  [1m[35m (1.0ms)[0m  [1m[35mCREATE INDEX "index_comments_on_post_id" ON "comments" ("post_id")[0m
  [1m[35m (11.2ms)[0m  [1m[35mALTER TABLE "comments" ADD CONSTRAINT "fk_rails_2fd19c0db7"
FOREIGN KEY ("post_id")
  REFERENCES "posts" ("id")
[0m
  [1m[36mActiveRecord::SchemaMigration Create (0.2ms)[0m  [1m[32mINSERT INTO "schema_migrations" ("version") VALUES ($1) RETURNING "version"[0m  [["version", "20230118133259"]]
  [1m[36mTRANSACTION (0.4ms)[0m  [1m[35mCOMMIT[0m
  [1m[36mActiveRecord::InternalMetadata Load (0.3ms)[0m  [1m[34mSELECT "ar_internal_metadata".* FROM "ar_internal_metadata" WHERE "ar_internal_metadata"."key" = $1 LIMIT $2[0m  [["key", "environment"], ["LIMIT", 1]]
  [1m[36mTRANSACTION (16.1ms)[0m  [1m[35mBEGIN[0m
  [1m[36mActiveRecord::InternalMetadata Create (1.4ms)[0m  [1m[32mINSERT INTO "ar_internal_metadata" ("key", "value", "created_at", "updated_at") VALUES ($1, $2, $3, $4) RETURNING "key"[0m  [["key", "environment"], ["value", "development"], ["created_at", "2023-06-20 08:34:45.747957"], ["updated_at", "2023-06-20 08:34:45.747957"]]
  [1m[36mTRANSACTION (0.3ms)[0m  [1m[35mCOMMIT[0m
  [1m[35m (0.3ms)[0m  [1m[34mSELECT pg_advisory_unlock(6045777927375424770)[0m
  [1m[36mActiveRecord::SchemaMigration Pluck (1.0ms)[0m  [1m[34mSELECT "schema_migrations"."version" FROM "schema_migrations" ORDER BY "schema_migrations"."version" ASC[0m
Started GET "/" for 127.0.0.1 at 2023-06-20 11:34:49 +0300
  [1m[36mActiveRecord::SchemaMigration Pluck (0.5ms)[0m  [1m[34mSELECT "schema_migrations"."version" FROM "schema_migrations" ORDER BY "schema_migrations"."version" ASC[0m
Processing by UsersController#index as HTML
  Rendering layout layouts/application.html.erb
  Rendering users/index.html.erb within layouts/application
  [1m[36mUser Load (11.4ms)[0m  [1m[34mSELECT "users".* FROM "users"[0m
  ↳ app/views/partials/_user.html.erb:1
  Rendered partials/_user.html.erb (Duration: 13.1ms | Allocations: 1027)
  Rendered users/index.html.erb within layouts/application (Duration: 14.3ms | Allocations: 1286)
  Rendered layout layouts/application.html.erb (Duration: 370.4ms | Allocations: 159177)
Completed 200 OK in 388ms (Views: 360.6ms | ActiveRecord: 11.4ms | Allocations: 164410)


Started GET "/" for 127.0.0.1 at 2023-06-20 11:34:59 +0300
Processing by UsersController#index as HTML
  Rendering layout layouts/application.html.erb
  Rendering users/index.html.erb within layouts/application
  [1m[36mUser Load (0.2ms)[0m  [1m[34mSELECT "users".* FROM "users"[0m
  ↳ app/views/partials/_user.html.erb:1
  Rendered partials/_user.html.erb (Duration: 18.0ms | Allocations: 590)
  Rendered users/index.html.erb within layouts/application (Duration: 18.3ms | Allocations: 655)
  Rendered layout layouts/application.html.erb (Duration: 74.0ms | Allocations: 9338)
Completed 200 OK in 76ms (Views: 74.2ms | ActiveRecord: 0.2ms | Allocations: 9637)


Started GET "/" for 127.0.0.1 at 2023-06-20 11:35:00 +0300
Processing by UsersController#index as HTML
  Rendering layout layouts/application.html.erb
  Rendering users/index.html.erb within layouts/application
  [1m[36mUser Load (0.2ms)[0m  [1m[34mSELECT "users".* FROM "users"[0m
  ↳ app/views/partials/_user.html.erb:1
  Rendered partials/_user.html.erb (Duration: 4.4ms | Allocations: 586)
  Rendered users/index.html.erb within layouts/application (Duration: 4.5ms | Allocations: 651)
  Rendered layout layouts/application.html.erb (Duration: 41.2ms | Allocations: 9283)
Completed 200 OK in 43ms (Views: 41.5ms | ActiveRecord: 0.2ms | Allocations: 9554)


  [1m[35m (1.5ms)[0m  [1m[35mCREATE DATABASE "BlogApp_development" ENCODING = 'unicode'[0m
  [1m[35m (0.9ms)[0m  [1m[35mCREATE DATABASE "BlogApp_test" ENCODING = 'unicode'[0m
  [1m[35m (0.2ms)[0m  [1m[34mSELECT pg_try_advisory_lock(6045777927375424770)[0m
  [1m[36mActiveRecord::SchemaMigration Pluck (0.6ms)[0m  [1m[34mSELECT "schema_migrations"."version" FROM "schema_migrations" ORDER BY "schema_migrations"."version" ASC[0m
  [1m[36mActiveRecord::InternalMetadata Load (0.7ms)[0m  [1m[34mSELECT "ar_internal_metadata".* FROM "ar_internal_metadata" WHERE "ar_internal_metadata"."key" = $1 LIMIT $2[0m  [["key", "environment"], ["LIMIT", 1]]
  [1m[35m (0.2ms)[0m  [1m[34mSELECT pg_advisory_unlock(6045777927375424770)[0m
  [1m[36mActiveRecord::SchemaMigration Pluck (0.4ms)[0m  [1m[34mSELECT "schema_migrations"."version" FROM "schema_migrations" ORDER BY "schema_migrations"."version" ASC[0m
Started GET "/" for 127.0.0.1 at 2023-06-20 11:37:03 +0300
Processing by UsersController#index as HTML
  Rendering layout layouts/application.html.erb
  Rendering users/index.html.erb within layouts/application
  [1m[36mUser Load (0.4ms)[0m  [1m[34mSELECT "users".* FROM "users"[0m
  ↳ app/views/partials/_user.html.erb:1
  Rendered partials/_user.html.erb (Duration: 1.5ms | Allocations: 738)
  Rendered users/index.html.erb within layouts/application (Duration: 1.7ms | Allocations: 816)
  Rendered layout layouts/application.html.erb (Duration: 27.4ms | Allocations: 25681)
Completed 200 OK in 32ms (Views: 27.8ms | ActiveRecord: 0.4ms | Allocations: 28018)


Started GET "/" for 127.0.0.1 at 2023-06-20 11:37:04 +0300
Processing by UsersController#index as HTML
  Rendering layout layouts/application.html.erb
  Rendering users/index.html.erb within layouts/application
  [1m[36mUser Load (0.3ms)[0m  [1m[34mSELECT "users".* FROM "users"[0m
  ↳ app/views/partials/_user.html.erb:1
  Rendered partials/_user.html.erb (Duration: 14.9ms | Allocations: 580)
  Rendered users/index.html.erb within layouts/application (Duration: 15.1ms | Allocations: 645)
  Rendered layout layouts/application.html.erb (Duration: 25.4ms | Allocations: 9293)
Completed 200 OK in 27ms (Views: 25.6ms | ActiveRecord: 0.3ms | Allocations: 9582)


Started GET "/index" for 127.0.0.1 at 2023-06-20 11:37:12 +0300
  
ActionController::RoutingError (No route matches [GET] "/index"):
  
Started GET "/users" for 127.0.0.1 at 2023-06-20 11:37:22 +0300
Processing by UsersController#index as HTML
  Rendering layout layouts/application.html.erb
  Rendering users/index.html.erb within layouts/application
  [1m[36mUser Load (0.3ms)[0m  [1m[34mSELECT "users".* FROM "users"[0m
  ↳ app/views/partials/_user.html.erb:1
  Rendered partials/_user.html.erb (Duration: 1.4ms | Allocations: 648)
  Rendered users/index.html.erb within layouts/application (Duration: 1.6ms | Allocations: 713)
  Rendered layout layouts/application.html.erb (Duration: 12.9ms | Allocations: 9464)
Completed 200 OK in 14ms (Views: 13.1ms | ActiveRecord: 0.3ms | Allocations: 9773)


Started GET "/users" for 127.0.0.1 at 2023-06-20 11:37:26 +0300
Processing by UsersController#index as HTML
  Rendering layout layouts/application.html.erb
  Rendering users/index.html.erb within layouts/application
  [1m[36mUser Load (0.3ms)[0m  [1m[34mSELECT "users".* FROM "users"[0m
  ↳ app/views/partials/_user.html.erb:1
  Rendered partials/_user.html.erb (Duration: 6.0ms | Allocations: 588)
  Rendered users/index.html.erb within layouts/application (Duration: 6.2ms | Allocations: 653)
  Rendered layout layouts/application.html.erb (Duration: 17.6ms | Allocations: 9336)
Completed 200 OK in 19ms (Views: 17.8ms | ActiveRecord: 0.3ms | Allocations: 9614)


Started GET "/users" for 127.0.0.1 at 2023-06-20 11:37:27 +0300
Processing by UsersController#index as HTML
  Rendering layout layouts/application.html.erb
  Rendering users/index.html.erb within layouts/application
  [1m[36mUser Load (0.2ms)[0m  [1m[34mSELECT "users".* FROM "users"[0m
  ↳ app/views/partials/_user.html.erb:1
  Rendered partials/_user.html.erb (Duration: 1.6ms | Allocations: 580)
  Rendered users/index.html.erb within layouts/application (Duration: 1.8ms | Allocations: 645)
  Rendered layout layouts/application.html.erb (Duration: 13.5ms | Allocations: 9281)
Completed 200 OK in 15ms (Views: 14.0ms | ActiveRecord: 0.2ms | Allocations: 9548)


Started GET "/users" for 127.0.0.1 at 2023-06-20 11:37:28 +0300
Processing by UsersController#index as HTML
  Rendering layout layouts/application.html.erb
  Rendering users/index.html.erb within layouts/application
  [1m[36mUser Load (0.2ms)[0m  [1m[34mSELECT "users".* FROM "users"[0m
  ↳ app/views/partials/_user.html.erb:1
  Rendered partials/_user.html.erb (Duration: 13.5ms | Allocations: 580)
  Rendered users/index.html.erb within layouts/application (Duration: 13.7ms | Allocations: 645)
  Rendered layout layouts/application.html.erb (Duration: 24.5ms | Allocations: 9301)
Completed 200 OK in 26ms (Views: 24.7ms | ActiveRecord: 0.2ms | Allocations: 9568)


  [1m[36mActiveRecord::SchemaMigration Pluck (0.5ms)[0m  [1m[34mSELECT "schema_migrations"."version" FROM "schema_migrations" ORDER BY "schema_migrations"."version" ASC[0m
  [1m[36mTRANSACTION (0.1ms)[0m  [1m[35mBEGIN[0m
  [1m[36mUser Create (2.1ms)[0m  [1m[32mINSERT INTO "users" ("name", "photo", "bio", "posts_counter", "created_at", "updated_at") VALUES ($1, $2, $3, $4, $5, $6) RETURNING "id"[0m  [["name", "Aman"], ["photo", "https://avatars.githubusercontent.com/u/80094659?v=4"], ["bio", "Learning More."], ["posts_counter", 0], ["created_at", "2023-06-20 08:39:18.233580"], ["updated_at", "2023-06-20 08:39:18.233580"]]
  [1m[36mTRANSACTION (0.3ms)[0m  [1m[35mCOMMIT[0m
  [1m[36mTRANSACTION (0.1ms)[0m  [1m[35mBEGIN[0m
  [1m[36mUser Create (0.2ms)[0m  [1m[32mINSERT INTO "users" ("name", "photo", "bio", "posts_counter", "created_at", "updated_at") VALUES ($1, $2, $3, $4, $5, $6) RETURNING "id"[0m  [["name", "Bese"], ["photo", "https://avatars.githubusercontent.com/u/23375153?v=4"], ["bio", "Living my dream."], ["posts_counter", 0], ["created_at", "2023-06-20 08:39:18.239027"], ["updated_at", "2023-06-20 08:39:18.239027"]]
  [1m[36mTRANSACTION (0.2ms)[0m  [1m[35mCOMMIT[0m
  [1m[36mTRANSACTION (0.1ms)[0m  [1m[35mBEGIN[0m
  [1m[36mUser Create (0.2ms)[0m  [1m[32mINSERT INTO "users" ("name", "photo", "bio", "posts_counter", "created_at", "updated_at") VALUES ($1, $2, $3, $4, $5, $6) RETURNING "id"[0m  [["name", "Yidne"], ["photo", "https://avatars.githubusercontent.com/u/104775335?v=4"], ["bio", "See you in the next round."], ["posts_counter", 0], ["created_at", "2023-06-20 08:39:18.241694"], ["updated_at", "2023-06-20 08:39:18.241694"]]
  [1m[36mTRANSACTION (0.2ms)[0m  [1m[35mCOMMIT[0m
  [1m[36mTRANSACTION (0.9ms)[0m  [1m[35mBEGIN[0m
  [1m[36mUser Load (0.2ms)[0m  [1m[34mSELECT "users".* FROM "users" WHERE "users"."id" = $1 LIMIT $2[0m  [["id", 1], ["LIMIT", 1]]
  [1m[36mPost Create (1.9ms)[0m  [1m[32mINSERT INTO "posts" ("title", "text", "comments_counter", "likes_counter", "created_at", "updated_at", "author_id") VALUES ($1, $2, $3, $4, $5, $6, $7) RETURNING "id"[0m  [["title", "Hello"], ["text", "ONE This is my first post"], ["comments_counter", 0], ["likes_counter", 0], ["created_at", "2023-06-20 08:39:18.290050"], ["updated_at", "2023-06-20 08:39:18.290050"], ["author_id", 1]]
  [1m[36mUser Update All (1.8ms)[0m  [1m[33mUPDATE "users" SET "posts_counter" = COALESCE("posts_counter", 0) + $1 WHERE "users"."id" = $2[0m  [["posts_counter", 1], ["id", 1]]
  ↳ app/models/post.rb:14:in `increment_posts_counter'
  [1m[36mTRANSACTION (0.2ms)[0m  [1m[35mCOMMIT[0m
  [1m[36mTRANSACTION (0.1ms)[0m  [1m[35mBEGIN[0m
  [1m[36mUser Load (0.1ms)[0m  [1m[34mSELECT "users".* FROM "users" WHERE "users"."id" = $1 LIMIT $2[0m  [["id", 1], ["LIMIT", 1]]
  [1m[36mPost Create (15.5ms)[0m  [1m[32mINSERT INTO "posts" ("title", "text", "comments_counter", "likes_counter", "created_at", "updated_at", "author_id") VALUES ($1, $2, $3, $4, $5, $6, $7) RETURNING "id"[0m  [["title", "Hi there"], ["text", "ONE This is my second post"], ["comments_counter", 0], ["likes_counter", 0], ["created_at", "2023-06-20 08:39:18.299806"], ["updated_at", "2023-06-20 08:39:18.299806"], ["author_id", 1]]
  [1m[36mUser Update All (0.2ms)[0m  [1m[33mUPDATE "users" SET "posts_counter" = COALESCE("posts_counter", 0) + $1 WHERE "users"."id" = $2[0m  [["posts_counter", 1], ["id", 1]]
  ↳ app/models/post.rb:14:in `increment_posts_counter'
  [1m[36mTRANSACTION (0.3ms)[0m  [1m[35mCOMMIT[0m
  [1m[36mTRANSACTION (0.1ms)[0m  [1m[35mBEGIN[0m
  [1m[36mUser Load (0.2ms)[0m  [1m[34mSELECT "users".* FROM "users" WHERE "users"."id" = $1 LIMIT $2[0m  [["id", 1], ["LIMIT", 1]]
  [1m[36mPost Create (0.2ms)[0m  [1m[32mINSERT INTO "posts" ("title", "text", "comments_counter", "likes_counter", "created_at", "updated_at", "author_id") VALUES ($1, $2, $3, $4, $5, $6, $7) RETURNING "id"[0m  [["title", "Holaaa"], ["text", "ONE This is my third post"], ["comments_counter", 0], ["likes_counter", 0], ["created_at", "2023-06-20 08:39:18.321060"], ["updated_at", "2023-06-20 08:39:18.321060"], ["author_id", 1]]
  [1m[36mUser Update All (0.2ms)[0m  [1m[33mUPDATE "users" SET "posts_counter" = COALESCE("posts_counter", 0) + $1 WHERE "users"."id" = $2[0m  [["posts_counter", 1], ["id", 1]]
  ↳ app/models/post.rb:14:in `increment_posts_counter'
  [1m[36mTRANSACTION (0.3ms)[0m  [1m[35mCOMMIT[0m
  [1m[36mTRANSACTION (0.1ms)[0m  [1m[35mBEGIN[0m
  [1m[36mUser Load (0.1ms)[0m  [1m[34mSELECT "users".* FROM "users" WHERE "users"."id" = $1 LIMIT $2[0m  [["id", 2], ["LIMIT", 1]]
  [1m[36mPost Create (0.2ms)[0m  [1m[32mINSERT INTO "posts" ("title", "text", "comments_counter", "likes_counter", "created_at", "updated_at", "author_id") VALUES ($1, $2, $3, $4, $5, $6, $7) RETURNING "id"[0m  [["title", "Hello"], ["text", "TWO This is my first post"], ["comments_counter", 0], ["likes_counter", 0], ["created_at", "2023-06-20 08:39:18.326752"], ["updated_at", "2023-06-20 08:39:18.326752"], ["author_id", 2]]
  [1m[36mUser Update All (0.2ms)[0m  [1m[33mUPDATE "users" SET "posts_counter" = COALESCE("posts_counter", 0) + $1 WHERE "users"."id" = $2[0m  [["posts_counter", 1], ["id", 2]]
  ↳ app/models/post.rb:14:in `increment_posts_counter'
  [1m[36mTRANSACTION (0.2ms)[0m  [1m[35mCOMMIT[0m
  [1m[36mTRANSACTION (0.1ms)[0m  [1m[35mBEGIN[0m
  [1m[36mUser Load (0.1ms)[0m  [1m[34mSELECT "users".* FROM "users" WHERE "users"."id" = $1 LIMIT $2[0m  [["id", 2], ["LIMIT", 1]]
  [1m[36mPost Create (0.2ms)[0m  [1m[32mINSERT INTO "posts" ("title", "text", "comments_counter", "likes_counter", "created_at", "updated_at", "author_id") VALUES ($1, $2, $3, $4, $5, $6, $7) RETURNING "id"[0m  [["title", "Hey hey"], ["text", "TWO This is my second post"], ["comments_counter", 0], ["likes_counter", 0], ["created_at", "2023-06-20 08:39:18.331765"], ["updated_at", "2023-06-20 08:39:18.331765"], ["author_id", 2]]
  [1m[36mUser Update All (0.2ms)[0m  [1m[33mUPDATE "users" SET "posts_counter" = COALESCE("posts_counter", 0) + $1 WHERE "users"."id" = $2[0m  [["posts_counter", 1], ["id", 2]]
  ↳ app/models/post.rb:14:in `increment_posts_counter'
  [1m[36mTRANSACTION (0.3ms)[0m  [1m[35mCOMMIT[0m
  [1m[36mTRANSACTION (0.1ms)[0m  [1m[35mBEGIN[0m
  [1m[36mUser Load (0.2ms)[0m  [1m[34mSELECT "users".* FROM "users" WHERE "users"."id" = $1 LIMIT $2[0m  [["id", 2], ["LIMIT", 1]]
  [1m[36mPost Create (0.4ms)[0m  [1m[32mINSERT INTO "posts" ("title", "text", "comments_counter", "likes_counter", "created_at", "updated_at", "author_id") VALUES ($1, $2, $3, $4, $5, $6, $7) RETURNING "id"[0m  [["title", "Man"], ["text", "TWO This is my third post"], ["comments_counter", 0], ["likes_counter", 0], ["created_at", "2023-06-20 08:39:18.336482"], ["updated_at", "2023-06-20 08:39:18.336482"], ["author_id", 2]]
  [1m[36mUser Update All (0.2ms)[0m  [1m[33mUPDATE "users" SET "posts_counter" = COALESCE("posts_counter", 0) + $1 WHERE "users"."id" = $2[0m  [["posts_counter", 1], ["id", 2]]
  ↳ app/models/post.rb:14:in `increment_posts_counter'
  [1m[36mTRANSACTION (0.3ms)[0m  [1m[35mCOMMIT[0m
  [1m[36mTRANSACTION (0.1ms)[0m  [1m[35mBEGIN[0m
  [1m[36mUser Load (0.1ms)[0m  [1m[34mSELECT "users".* FROM "users" WHERE "users"."id" = $1 LIMIT $2[0m  [["id", 3], ["LIMIT", 1]]
  [1m[36mPost Create (0.2ms)[0m  [1m[32mINSERT INTO "posts" ("title", "text", "comments_counter", "likes_counter", "created_at", "updated_at", "author_id") VALUES ($1, $2, $3, $4, $5, $6, $7) RETURNING "id"[0m  [["title", "Checking"], ["text", "THREE This is my first post"], ["comments_counter", 0], ["likes_counter", 0], ["created_at", "2023-06-20 08:39:18.341485"], ["updated_at", "2023-06-20 08:39:18.341485"], ["author_id", 3]]
  [1m[36mUser Update All (0.2ms)[0m  [1m[33mUPDATE "users" SET "posts_counter" = COALESCE("posts_counter", 0) + $1 WHERE "users"."id" = $2[0m  [["posts_counter", 1], ["id", 3]]
  ↳ app/models/post.rb:14:in `increment_posts_counter'
  [1m[36mTRANSACTION (0.2ms)[0m  [1m[35mCOMMIT[0m
  [1m[36mTRANSACTION (0.1ms)[0m  [1m[35mBEGIN[0m
  [1m[36mUser Load (0.1ms)[0m  [1m[34mSELECT "users".* FROM "users" WHERE "users"."id" = $1 LIMIT $2[0m  [["id", 3], ["LIMIT", 1]]
  [1m[36mPost Create (0.2ms)[0m  [1m[32mINSERT INTO "posts" ("title", "text", "comments_counter", "likes_counter", "created_at", "updated_at", "author_id") VALUES ($1, $2, $3, $4, $5, $6, $7) RETURNING "id"[0m  [["title", "Another Title"], ["text", "THREE This is my second post"], ["comments_counter", 0], ["likes_counter", 0], ["created_at", "2023-06-20 08:39:18.346786"], ["updated_at", "2023-06-20 08:39:18.346786"], ["author_id", 3]]
  [1m[36mUser Update All (0.2ms)[0m  [1m[33mUPDATE "users" SET "posts_counter" = COALESCE("posts_counter", 0) + $1 WHERE "users"."id" = $2[0m  [["posts_counter", 1], ["id", 3]]
  ↳ app/models/post.rb:14:in `increment_posts_counter'
  [1m[36mTRANSACTION (0.3ms)[0m  [1m[35mCOMMIT[0m
  [1m[36mTRANSACTION (16.0ms)[0m  [1m[35mBEGIN[0m
  [1m[36mUser Load (0.1ms)[0m  [1m[34mSELECT "users".* FROM "users" WHERE "users"."id" = $1 LIMIT $2[0m  [["id", 3], ["LIMIT", 1]]
  [1m[36mPost Create (0.3ms)[0m  [1m[32mINSERT INTO "posts" ("title", "text", "comments_counter", "likes_counter", "created_at", "updated_at", "author_id") VALUES ($1, $2, $3, $4, $5, $6, $7) RETURNING "id"[0m  [["title", "New line"], ["text", "THREE This is my third post"], ["comments_counter", 0], ["likes_counter", 0], ["created_at", "2023-06-20 08:39:18.368177"], ["updated_at", "2023-06-20 08:39:18.368177"], ["author_id", 3]]
  [1m[36mUser Update All (0.2ms)[0m  [1m[33mUPDATE "users" SET "posts_counter" = COALESCE("posts_counter", 0) + $1 WHERE "users"."id" = $2[0m  [["posts_counter", 1], ["id", 3]]
  ↳ app/models/post.rb:14:in `increment_posts_counter'
  [1m[36mTRANSACTION (0.2ms)[0m  [1m[35mCOMMIT[0m
  [1m[36mTRANSACTION (0.1ms)[0m  [1m[35mBEGIN[0m
  [1m[36mUser Load (11.1ms)[0m  [1m[34mSELECT "users".* FROM "users" WHERE "users"."id" = $1 LIMIT $2[0m  [["id", 1], ["LIMIT", 1]]
  [1m[36mPost Load (0.2ms)[0m  [1m[34mSELECT "posts".* FROM "posts" WHERE "posts"."id" = $1 LIMIT $2[0m  [["id", 1], ["LIMIT", 1]]
  [1m[36mComment Create (1.8ms)[0m  [1m[32mINSERT INTO "comments" ("text", "created_at", "updated_at", "author_id", "post_id") VALUES ($1, $2, $3, $4, $5) RETURNING "id"[0m  [["text", "Hi Some one there!"], ["created_at", "2023-06-20 08:39:18.432934"], ["updated_at", "2023-06-20 08:39:18.432934"], ["author_id", 1], ["post_id", 1]]
  [1m[36mPost Update All (10.9ms)[0m  [1m[33mUPDATE "posts" SET "comments_counter" = COALESCE("comments_counter", 0) + $1 WHERE "posts"."id" = $2[0m  [["comments_counter", 1], ["id", 1]]
  ↳ app/models/comment.rb:8:in `increment_comments_counter'
  [1m[36mTRANSACTION (0.4ms)[0m  [1m[35mCOMMIT[0m
  [1m[36mTRANSACTION (0.1ms)[0m  [1m[35mBEGIN[0m
  [1m[36mUser Load (0.2ms)[0m  [1m[34mSELECT "users".* FROM "users" WHERE "users"."id" = $1 LIMIT $2[0m  [["id", 2], ["LIMIT", 1]]
  [1m[36mPost Load (0.2ms)[0m  [1m[34mSELECT "posts".* FROM "posts" WHERE "posts"."id" = $1 LIMIT $2[0m  [["id", 2], ["LIMIT", 1]]
  [1m[36mComment Create (0.7ms)[0m  [1m[32mINSERT INTO "comments" ("text", "created_at", "updated_at", "author_id", "post_id") VALUES ($1, $2, $3, $4, $5) RETURNING "id"[0m  [["text", "Hi is this real!"], ["created_at", "2023-06-20 08:39:18.472776"], ["updated_at", "2023-06-20 08:39:18.472776"], ["author_id", 2], ["post_id", 2]]
  [1m[36mPost Update All (0.4ms)[0m  [1m[33mUPDATE "posts" SET "comments_counter" = COALESCE("comments_counter", 0) + $1 WHERE "posts"."id" = $2[0m  [["comments_counter", 1], ["id", 2]]
  ↳ app/models/comment.rb:8:in `increment_comments_counter'
  [1m[36mTRANSACTION (0.3ms)[0m  [1m[35mCOMMIT[0m
  [1m[36mTRANSACTION (0.1ms)[0m  [1m[35mBEGIN[0m
  [1m[36mUser Load (0.1ms)[0m  [1m[34mSELECT "users".* FROM "users" WHERE "users"."id" = $1 LIMIT $2[0m  [["id", 3], ["LIMIT", 1]]
  [1m[36mPost Load (0.2ms)[0m  [1m[34mSELECT "posts".* FROM "posts" WHERE "posts"."id" = $1 LIMIT $2[0m  [["id", 3], ["LIMIT", 1]]
  [1m[36mComment Create (0.3ms)[0m  [1m[32mINSERT INTO "comments" ("text", "created_at", "updated_at", "author_id", "post_id") VALUES ($1, $2, $3, $4, $5) RETURNING "id"[0m  [["text", "Hi another comment here!"], ["created_at", "2023-06-20 08:39:18.480771"], ["updated_at", "2023-06-20 08:39:18.480771"], ["author_id", 3], ["post_id", 3]]
  [1m[36mPost Update All (0.2ms)[0m  [1m[33mUPDATE "posts" SET "comments_counter" = COALESCE("comments_counter", 0) + $1 WHERE "posts"."id" = $2[0m  [["comments_counter", 1], ["id", 3]]
  ↳ app/models/comment.rb:8:in `increment_comments_counter'
  [1m[36mTRANSACTION (0.3ms)[0m  [1m[35mCOMMIT[0m
  [1m[36mTRANSACTION (0.1ms)[0m  [1m[35mBEGIN[0m
  [1m[36mUser Load (0.2ms)[0m  [1m[34mSELECT "users".* FROM "users" WHERE "users"."id" = $1 LIMIT $2[0m  [["id", 1], ["LIMIT", 1]]
  [1m[36mPost Load (0.2ms)[0m  [1m[34mSELECT "posts".* FROM "posts" WHERE "posts"."id" = $1 LIMIT $2[0m  [["id", 4], ["LIMIT", 1]]
  [1m[36mComment Create (0.4ms)[0m  [1m[32mINSERT INTO "comments" ("text", "created_at", "updated_at", "author_id", "post_id") VALUES ($1, $2, $3, $4, $5) RETURNING "id"[0m  [["text", "Hello to this post!"], ["created_at", "2023-06-20 08:39:18.488356"], ["updated_at", "2023-06-20 08:39:18.488356"], ["author_id", 1], ["post_id", 4]]
  [1m[36mPost Update All (0.2ms)[0m  [1m[33mUPDATE "posts" SET "comments_counter" = COALESCE("comments_counter", 0) + $1 WHERE "posts"."id" = $2[0m  [["comments_counter", 1], ["id", 4]]
  ↳ app/models/comment.rb:8:in `increment_comments_counter'
  [1m[36mTRANSACTION (0.3ms)[0m  [1m[35mCOMMIT[0m
  [1m[36mTRANSACTION (0.1ms)[0m  [1m[35mBEGIN[0m
  [1m[36mUser Load (0.1ms)[0m  [1m[34mSELECT "users".* FROM "users" WHERE "users"."id" = $1 LIMIT $2[0m  [["id", 2], ["LIMIT", 1]]
  [1m[36mPost Load (0.2ms)[0m  [1m[34mSELECT "posts".* FROM "posts" WHERE "posts"."id" = $1 LIMIT $2[0m  [["id", 2], ["LIMIT", 1]]
  [1m[36mComment Create (0.3ms)[0m  [1m[32mINSERT INTO "comments" ("text", "created_at", "updated_at", "author_id", "post_id") VALUES ($1, $2, $3, $4, $5) RETURNING "id"[0m  [["text", "This is not good!"], ["created_at", "2023-06-20 08:39:18.495469"], ["updated_at", "2023-06-20 08:39:18.495469"], ["author_id", 2], ["post_id", 2]]
  [1m[36mPost Update All (0.2ms)[0m  [1m[33mUPDATE "posts" SET "comments_counter" = COALESCE("comments_counter", 0) + $1 WHERE "posts"."id" = $2[0m  [["comments_counter", 1], ["id", 2]]
  ↳ app/models/comment.rb:8:in `increment_comments_counter'
  [1m[36mTRANSACTION (0.3ms)[0m  [1m[35mCOMMIT[0m
  [1m[36mTRANSACTION (0.1ms)[0m  [1m[35mBEGIN[0m
  [1m[36mUser Load (16.0ms)[0m  [1m[34mSELECT "users".* FROM "users" WHERE "users"."id" = $1 LIMIT $2[0m  [["id", 3], ["LIMIT", 1]]
  [1m[36mPost Load (0.2ms)[0m  [1m[34mSELECT "posts".* FROM "posts" WHERE "posts"."id" = $1 LIMIT $2[0m  [["id", 6], ["LIMIT", 1]]
  [1m[36mComment Create (0.4ms)[0m  [1m[32mINSERT INTO "comments" ("text", "created_at", "updated_at", "author_id", "post_id") VALUES ($1, $2, $3, $4, $5) RETURNING "id"[0m  [["text", "Ow I loved this one!"], ["created_at", "2023-06-20 08:39:18.518896"], ["updated_at", "2023-06-20 08:39:18.518896"], ["author_id", 3], ["post_id", 6]]
  [1m[36mPost Update All (0.3ms)[0m  [1m[33mUPDATE "posts" SET "comments_counter" = COALESCE("comments_counter", 0) + $1 WHERE "posts"."id" = $2[0m  [["comments_counter", 1], ["id", 6]]
  ↳ app/models/comment.rb:8:in `increment_comments_counter'
  [1m[36mTRANSACTION (0.3ms)[0m  [1m[35mCOMMIT[0m
  [1m[36mTRANSACTION (0.1ms)[0m  [1m[35mBEGIN[0m
  [1m[36mUser Load (0.1ms)[0m  [1m[34mSELECT "users".* FROM "users" WHERE "users"."id" = $1 LIMIT $2[0m  [["id", 1], ["LIMIT", 1]]
  [1m[36mPost Load (0.1ms)[0m  [1m[34mSELECT "posts".* FROM "posts" WHERE "posts"."id" = $1 LIMIT $2[0m  [["id", 5], ["LIMIT", 1]]
  [1m[36mComment Create (0.4ms)[0m  [1m[32mINSERT INTO "comments" ("text", "created_at", "updated_at", "author_id", "post_id") VALUES ($1, $2, $3, $4, $5) RETURNING "id"[0m  [["text", "This is so cool!"], ["created_at", "2023-06-20 08:39:18.526427"], ["updated_at", "2023-06-20 08:39:18.526427"], ["author_id", 1], ["post_id", 5]]
  [1m[36mPost Update All (0.2ms)[0m  [1m[33mUPDATE "posts" SET "comments_counter" = COALESCE("comments_counter", 0) + $1 WHERE "posts"."id" = $2[0m  [["comments_counter", 1], ["id", 5]]
  ↳ app/models/comment.rb:8:in `increment_comments_counter'
  [1m[36mTRANSACTION (0.3ms)[0m  [1m[35mCOMMIT[0m
  [1m[36mTRANSACTION (0.1ms)[0m  [1m[35mBEGIN[0m
  [1m[36mUser Load (0.2ms)[0m  [1m[34mSELECT "users".* FROM "users" WHERE "users"."id" = $1 LIMIT $2[0m  [["id", 2], ["LIMIT", 1]]
  [1m[36mPost Load (0.1ms)[0m  [1m[34mSELECT "posts".* FROM "posts" WHERE "posts"."id" = $1 LIMIT $2[0m  [["id", 7], ["LIMIT", 1]]
  [1m[36mComment Create (0.3ms)[0m  [1m[32mINSERT INTO "comments" ("text", "created_at", "updated_at", "author_id", "post_id") VALUES ($1, $2, $3, $4, $5) RETURNING "id"[0m  [["text", "Can you post the link to it."], ["created_at", "2023-06-20 08:39:18.533257"], ["updated_at", "2023-06-20 08:39:18.533257"], ["author_id", 2], ["post_id", 7]]
  [1m[36mPost Update All (0.3ms)[0m  [1m[33mUPDATE "posts" SET "comments_counter" = COALESCE("comments_counter", 0) + $1 WHERE "posts"."id" = $2[0m  [["comments_counter", 1], ["id", 7]]
  ↳ app/models/comment.rb:8:in `increment_comments_counter'
  [1m[36mTRANSACTION (0.3ms)[0m  [1m[35mCOMMIT[0m
  [1m[36mTRANSACTION (0.1ms)[0m  [1m[35mBEGIN[0m
  [1m[36mUser Load (0.1ms)[0m  [1m[34mSELECT "users".* FROM "users" WHERE "users"."id" = $1 LIMIT $2[0m  [["id", 3], ["LIMIT", 1]]
  [1m[36mPost Load (0.2ms)[0m  [1m[34mSELECT "posts".* FROM "posts" WHERE "posts"."id" = $1 LIMIT $2[0m  [["id", 5], ["LIMIT", 1]]
  [1m[36mComment Create (0.2ms)[0m  [1m[32mINSERT INTO "comments" ("text", "created_at", "updated_at", "author_id", "post_id") VALUES ($1, $2, $3, $4, $5) RETURNING "id"[0m  [["text", "Hello good people."], ["created_at", "2023-06-20 08:39:18.540197"], ["updated_at", "2023-06-20 08:39:18.540197"], ["author_id", 3], ["post_id", 5]]
  [1m[36mPost Update All (0.2ms)[0m  [1m[33mUPDATE "posts" SET "comments_counter" = COALESCE("comments_counter", 0) + $1 WHERE "posts"."id" = $2[0m  [["comments_counter", 1], ["id", 5]]
  ↳ app/models/comment.rb:8:in `increment_comments_counter'
  [1m[36mTRANSACTION (0.3ms)[0m  [1m[35mCOMMIT[0m
  [1m[36mTRANSACTION (0.1ms)[0m  [1m[35mBEGIN[0m
  [1m[36mUser Load (0.1ms)[0m  [1m[34mSELECT "users".* FROM "users" WHERE "users"."id" = $1 LIMIT $2[0m  [["id", 1], ["LIMIT", 1]]
  [1m[36mPost Load (0.1ms)[0m  [1m[34mSELECT "posts".* FROM "posts" WHERE "posts"."id" = $1 LIMIT $2[0m  [["id", 8], ["LIMIT", 1]]
  [1m[36mComment Create (0.3ms)[0m  [1m[32mINSERT INTO "comments" ("text", "created_at", "updated_at", "author_id", "post_id") VALUES ($1, $2, $3, $4, $5) RETURNING "id"[0m  [["text", "i did not get the idea."], ["created_at", "2023-06-20 08:39:18.546562"], ["updated_at", "2023-06-20 08:39:18.546562"], ["author_id", 1], ["post_id", 8]]
  [1m[36mPost Update All (0.2ms)[0m  [1m[33mUPDATE "posts" SET "comments_counter" = COALESCE("comments_counter", 0) + $1 WHERE "posts"."id" = $2[0m  [["comments_counter", 1], ["id", 8]]
  ↳ app/models/comment.rb:8:in `increment_comments_counter'
  [1m[36mTRANSACTION (0.2ms)[0m  [1m[35mCOMMIT[0m
  [1m[36mTRANSACTION (16.3ms)[0m  [1m[35mBEGIN[0m
  [1m[36mUser Load (0.2ms)[0m  [1m[34mSELECT "users".* FROM "users" WHERE "users"."id" = $1 LIMIT $2[0m  [["id", 2], ["LIMIT", 1]]
  [1m[36mPost Load (0.1ms)[0m  [1m[34mSELECT "posts".* FROM "posts" WHERE "posts"."id" = $1 LIMIT $2[0m  [["id", 8], ["LIMIT", 1]]
  [1m[36mComment Create (0.3ms)[0m  [1m[32mINSERT INTO "comments" ("text", "created_at", "updated_at", "author_id", "post_id") VALUES ($1, $2, $3, $4, $5) RETURNING "id"[0m  [["text", "Can someone else clarify it to me."], ["created_at", "2023-06-20 08:39:18.569264"], ["updated_at", "2023-06-20 08:39:18.569264"], ["author_id", 2], ["post_id", 8]]
  [1m[36mPost Update All (0.3ms)[0m  [1m[33mUPDATE "posts" SET "comments_counter" = COALESCE("comments_counter", 0) + $1 WHERE "posts"."id" = $2[0m  [["comments_counter", 1], ["id", 8]]
  ↳ app/models/comment.rb:8:in `increment_comments_counter'
  [1m[36mTRANSACTION (0.3ms)[0m  [1m[35mCOMMIT[0m
  [1m[36mTRANSACTION (0.1ms)[0m  [1m[35mBEGIN[0m
  [1m[36mUser Load (0.1ms)[0m  [1m[34mSELECT "users".* FROM "users" WHERE "users"."id" = $1 LIMIT $2[0m  [["id", 3], ["LIMIT", 1]]
  [1m[36mPost Load (0.1ms)[0m  [1m[34mSELECT "posts".* FROM "posts" WHERE "posts"."id" = $1 LIMIT $2[0m  [["id", 9], ["LIMIT", 1]]
  [1m[36mComment Create (0.2ms)[0m  [1m[32mINSERT INTO "comments" ("text", "created_at", "updated_at", "author_id", "post_id") VALUES ($1, $2, $3, $4, $5) RETURNING "id"[0m  [["text", "This is awesome."], ["created_at", "2023-06-20 08:39:18.575863"], ["updated_at", "2023-06-20 08:39:18.575863"], ["author_id", 3], ["post_id", 9]]
  [1m[36mPost Update All (0.1ms)[0m  [1m[33mUPDATE "posts" SET "comments_counter" = COALESCE("comments_counter", 0) + $1 WHERE "posts"."id" = $2[0m  [["comments_counter", 1], ["id", 9]]
  ↳ app/models/comment.rb:8:in `increment_comments_counter'
  [1m[36mTRANSACTION (0.2ms)[0m  [1m[35mCOMMIT[0m
  [1m[36mTRANSACTION (0.1ms)[0m  [1m[35mBEGIN[0m
  [1m[36mUser Load (0.1ms)[0m  [1m[34mSELECT "users".* FROM "users" WHERE "users"."id" = $1 LIMIT $2[0m  [["id", 3], ["LIMIT", 1]]
  [1m[36mPost Load (0.2ms)[0m  [1m[34mSELECT "posts".* FROM "posts" WHERE "posts"."id" = $1 LIMIT $2[0m  [["id", 3], ["LIMIT", 1]]
  [1m[36mLike Create (0.8ms)[0m  [1m[32mINSERT INTO "likes" ("created_at", "updated_at", "author_id", "post_id") VALUES ($1, $2, $3, $4) RETURNING "id"[0m  [["created_at", "2023-06-20 08:39:18.589315"], ["updated_at", "2023-06-20 08:39:18.589315"], ["author_id", 3], ["post_id", 3]]
  [1m[36mPost Update All (0.2ms)[0m  [1m[33mUPDATE "posts" SET "likes_counter" = COALESCE("likes_counter", 0) + $1 WHERE "posts"."id" = $2[0m  [["likes_counter", 1], ["id", 3]]
  ↳ app/models/like.rb:8:in `increment_likes_counter'
  [1m[36mTRANSACTION (0.3ms)[0m  [1m[35mCOMMIT[0m
  [1m[36mTRANSACTION (0.1ms)[0m  [1m[35mBEGIN[0m
  [1m[36mUser Load (0.1ms)[0m  [1m[34mSELECT "users".* FROM "users" WHERE "users"."id" = $1 LIMIT $2[0m  [["id", 2], ["LIMIT", 1]]
  [1m[36mPost Load (0.1ms)[0m  [1m[34mSELECT "posts".* FROM "posts" WHERE "posts"."id" = $1 LIMIT $2[0m  [["id", 1], ["LIMIT", 1]]
  [1m[36mLike Create (0.3ms)[0m  [1m[32mINSERT INTO "likes" ("created_at", "updated_at", "author_id", "post_id") VALUES ($1, $2, $3, $4) RETURNING "id"[0m  [["created_at", "2023-06-20 08:39:18.596555"], ["updated_at", "2023-06-20 08:39:18.596555"], ["author_id", 2], ["post_id", 1]]
  [1m[36mPost Update All (0.2ms)[0m  [1m[33mUPDATE "posts" SET "likes_counter" = COALESCE("likes_counter", 0) + $1 WHERE "posts"."id" = $2[0m  [["likes_counter", 1], ["id", 1]]
  ↳ app/models/like.rb:8:in `increment_likes_counter'
  [1m[36mTRANSACTION (0.3ms)[0m  [1m[35mCOMMIT[0m
  [1m[36mTRANSACTION (16.0ms)[0m  [1m[35mBEGIN[0m
  [1m[36mUser Load (0.1ms)[0m  [1m[34mSELECT "users".* FROM "users" WHERE "users"."id" = $1 LIMIT $2[0m  [["id", 1], ["LIMIT", 1]]
  [1m[36mPost Load (0.1ms)[0m  [1m[34mSELECT "posts".* FROM "posts" WHERE "posts"."id" = $1 LIMIT $2[0m  [["id", 3], ["LIMIT", 1]]
  [1m[36mLike Create (0.3ms)[0m  [1m[32mINSERT INTO "likes" ("created_at", "updated_at", "author_id", "post_id") VALUES ($1, $2, $3, $4) RETURNING "id"[0m  [["created_at", "2023-06-20 08:39:18.619412"], ["updated_at", "2023-06-20 08:39:18.619412"], ["author_id", 1], ["post_id", 3]]
  [1m[36mPost Update All (0.2ms)[0m  [1m[33mUPDATE "posts" SET "likes_counter" = COALESCE("likes_counter", 0) + $1 WHERE "posts"."id" = $2[0m  [["likes_counter", 1], ["id", 3]]
  ↳ app/models/like.rb:8:in `increment_likes_counter'
  [1m[36mTRANSACTION (0.3ms)[0m  [1m[35mCOMMIT[0m
  [1m[36mTRANSACTION (0.1ms)[0m  [1m[35mBEGIN[0m
  [1m[36mUser Load (0.1ms)[0m  [1m[34mSELECT "users".* FROM "users" WHERE "users"."id" = $1 LIMIT $2[0m  [["id", 1], ["LIMIT", 1]]
  [1m[36mPost Load (0.1ms)[0m  [1m[34mSELECT "posts".* FROM "posts" WHERE "posts"."id" = $1 LIMIT $2[0m  [["id", 2], ["LIMIT", 1]]
  [1m[36mLike Create (0.3ms)[0m  [1m[32mINSERT INTO "likes" ("created_at", "updated_at", "author_id", "post_id") VALUES ($1, $2, $3, $4) RETURNING "id"[0m  [["created_at", "2023-06-20 08:39:18.625611"], ["updated_at", "2023-06-20 08:39:18.625611"], ["author_id", 1], ["post_id", 2]]
  [1m[36mPost Update All (0.2ms)[0m  [1m[33mUPDATE "posts" SET "likes_counter" = COALESCE("likes_counter", 0) + $1 WHERE "posts"."id" = $2[0m  [["likes_counter", 1], ["id", 2]]
  ↳ app/models/like.rb:8:in `increment_likes_counter'
  [1m[36mTRANSACTION (0.2ms)[0m  [1m[35mCOMMIT[0m
  [1m[36mTRANSACTION (0.1ms)[0m  [1m[35mBEGIN[0m
  [1m[36mUser Load (0.1ms)[0m  [1m[34mSELECT "users".* FROM "users" WHERE "users"."id" = $1 LIMIT $2[0m  [["id", 3], ["LIMIT", 1]]
  [1m[36mPost Load (0.1ms)[0m  [1m[34mSELECT "posts".* FROM "posts" WHERE "posts"."id" = $1 LIMIT $2[0m  [["id", 1], ["LIMIT", 1]]
  [1m[36mLike Create (0.3ms)[0m  [1m[32mINSERT INTO "likes" ("created_at", "updated_at", "author_id", "post_id") VALUES ($1, $2, $3, $4) RETURNING "id"[0m  [["created_at", "2023-06-20 08:39:18.631222"], ["updated_at", "2023-06-20 08:39:18.631222"], ["author_id", 3], ["post_id", 1]]
  [1m[36mPost Update All (0.2ms)[0m  [1m[33mUPDATE "posts" SET "likes_counter" = COALESCE("likes_counter", 0) + $1 WHERE "posts"."id" = $2[0m  [["likes_counter", 1], ["id", 1]]
  ↳ app/models/like.rb:8:in `increment_likes_counter'
  [1m[36mTRANSACTION (0.2ms)[0m  [1m[35mCOMMIT[0m
  [1m[36mTRANSACTION (0.1ms)[0m  [1m[35mBEGIN[0m
  [1m[36mUser Load (0.1ms)[0m  [1m[34mSELECT "users".* FROM "users" WHERE "users"."id" = $1 LIMIT $2[0m  [["id", 2], ["LIMIT", 1]]
  [1m[36mPost Load (0.1ms)[0m  [1m[34mSELECT "posts".* FROM "posts" WHERE "posts"."id" = $1 LIMIT $2[0m  [["id", 3], ["LIMIT", 1]]
  [1m[36mLike Create (0.3ms)[0m  [1m[32mINSERT INTO "likes" ("created_at", "updated_at", "author_id", "post_id") VALUES ($1, $2, $3, $4) RETURNING "id"[0m  [["created_at", "2023-06-20 08:39:18.637234"], ["updated_at", "2023-06-20 08:39:18.637234"], ["author_id", 2], ["post_id", 3]]
  [1m[36mPost Update All (0.2ms)[0m  [1m[33mUPDATE "posts" SET "likes_counter" = COALESCE("likes_counter", 0) + $1 WHERE "posts"."id" = $2[0m  [["likes_counter", 1], ["id", 3]]
  ↳ app/models/like.rb:8:in `increment_likes_counter'
  [1m[36mTRANSACTION (0.3ms)[0m  [1m[35mCOMMIT[0m
Started GET "/users" for 127.0.0.1 at 2023-06-20 11:39:27 +0300
Processing by UsersController#index as HTML
  Rendering layout layouts/application.html.erb
  Rendering users/index.html.erb within layouts/application
  [1m[36mUser Load (0.3ms)[0m  [1m[34mSELECT "users".* FROM "users"[0m
  ↳ app/views/partials/_user.html.erb:1
  Rendered partials/_user.html.erb (Duration: 32.0ms | Allocations: 8014)
  Rendered users/index.html.erb within layouts/application (Duration: 32.2ms | Allocations: 8089)
  Rendered layout layouts/application.html.erb (Duration: 42.9ms | Allocations: 16923)
Completed 200 OK in 44ms (Views: 36.8ms | ActiveRecord: 6.5ms | Allocations: 17217)


Started GET "/users/1" for 127.0.0.1 at 2023-06-20 11:39:30 +0300
Processing by UsersController#show as HTML
  Parameters: {"id"=>"1"}
  [1m[36mUser Load (0.7ms)[0m  [1m[34mSELECT "users".* FROM "users" WHERE "users"."id" = $1 LIMIT $2[0m  [["id", 1], ["LIMIT", 1]]
  ↳ app/controllers/users_controller.rb:7:in `show'
  Rendering layout layouts/application.html.erb
  Rendering users/show.html.erb within layouts/application
  [1m[36mPost Count (3.3ms)[0m  [1m[34mSELECT COUNT(*) FROM (SELECT 1 AS one FROM "posts" WHERE "posts"."author_id" = $1 ORDER BY "posts"."created_at" DESC LIMIT $2) subquery_for_count[0m  [["author_id", 1], ["LIMIT", 3]]
  ↳ app/views/users/show.html.erb:18
  [1m[36mPost Load (0.2ms)[0m  [1m[34mSELECT "posts".* FROM "posts" WHERE "posts"."author_id" = $1 ORDER BY "posts"."created_at" DESC LIMIT $2[0m  [["author_id", 1], ["LIMIT", 3]]
  ↳ app/views/users/show.html.erb:21
  Rendered users/show.html.erb within layouts/application (Duration: 32.4ms | Allocations: 11015)
  Rendered layout layouts/application.html.erb (Duration: 41.7ms | Allocations: 19839)
Completed 200 OK in 47ms (Views: 31.4ms | ActiveRecord: 11.6ms | Allocations: 22627)


Started GET "/users/1/posts/3" for 127.0.0.1 at 2023-06-20 11:39:33 +0300
Processing by PostsController#show as HTML
  Parameters: {"user_id"=>"1", "id"=>"3"}
  [1m[36mUser Load (0.3ms)[0m  [1m[34mSELECT "users".* FROM "users" WHERE "users"."id" = $1 LIMIT $2[0m  [["id", 1], ["LIMIT", 1]]
  ↳ app/controllers/posts_controller.rb:32:in `show'
  [1m[36mPost Load (0.2ms)[0m  [1m[34mSELECT "posts".* FROM "posts" WHERE "posts"."id" = $1 AND "posts"."author_id" = $2 LIMIT $3[0m  [["id", 3], ["author_id", 1], ["LIMIT", 1]]
  ↳ app/controllers/posts_controller.rb:33:in `show'
  Rendering layout layouts/application.html.erb
  Rendering posts/show.html.erb within layouts/application
  [1m[36mUser Load (0.3ms)[0m  [1m[34mSELECT "users".* FROM "users" WHERE "users"."id" = $1 LIMIT $2[0m  [["id", 1], ["LIMIT", 1]]
  ↳ app/views/posts/show.html.erb:3
  [1m[36mComment Count (0.5ms)[0m  [1m[34mSELECT COUNT(*) FROM "comments" WHERE "comments"."post_id" = $1[0m  [["post_id", 3]]
  ↳ app/views/posts/show.html.erb:9
  [1m[36mComment Load (0.2ms)[0m  [1m[34mSELECT "comments".* FROM "comments" WHERE "comments"."post_id" = $1 ORDER BY "comments"."created_at" DESC[0m  [["post_id", 3]]
  ↳ app/views/posts/show.html.erb:12
  [1m[36mUser Load (0.3ms)[0m  [1m[34mSELECT "users".* FROM "users" WHERE "users"."id" = $1 LIMIT $2[0m  [["id", 3], ["LIMIT", 1]]
  ↳ app/views/posts/show.html.erb:13
  Rendered posts/show.html.erb within layouts/application (Duration: 19.1ms | Allocations: 10762)
  Rendered layout layouts/application.html.erb (Duration: 30.5ms | Allocations: 19678)
Completed 200 OK in 47ms (Views: 28.4ms | ActiveRecord: 4.1ms | Allocations: 22510)


Started GET "/users/1/posts/3/comments/new" for 127.0.0.1 at 2023-06-20 11:39:39 +0300
Processing by CommentsController#new as HTML
  Parameters: {"user_id"=>"1", "post_id"=>"3"}
  Rendering layout layouts/application.html.erb
  Rendering comments/new.html.erb within layouts/application
  Rendered comments/new.html.erb within layouts/application (Duration: 18.3ms | Allocations: 4159)
  Rendered layout layouts/application.html.erb (Duration: 30.3ms | Allocations: 12651)
Completed 200 OK in 33ms (Views: 31.9ms | ActiveRecord: 0.0ms | Allocations: 13481)


Started POST "/users/1/posts/3/comments" for 127.0.0.1 at 2023-06-20 11:39:44 +0300
Processing by CommentsController#create as TURBO_STREAM
  Parameters: {"authenticity_token"=>"[FILTERED]", "comment"=>{"text"=>"Check Comment"}, "commit"=>"Add Comment", "user_id"=>"1", "post_id"=>"3"}
  [1m[36mUser Load (0.2ms)[0m  [1m[34mSELECT "users".* FROM "users" ORDER BY "users"."id" ASC LIMIT $1[0m  [["LIMIT", 1]]
  ↳ app/controllers/application_controller.rb:3:in `current_user'
  [1m[36mPost Load (0.2ms)[0m  [1m[34mSELECT "posts".* FROM "posts" WHERE "posts"."id" = $1 LIMIT $2[0m  [["id", 3], ["LIMIT", 1]]
  ↳ app/controllers/comments_controller.rb:11:in `create'
  [1m[36mTRANSACTION (0.1ms)[0m  [1m[35mBEGIN[0m
  ↳ app/controllers/comments_controller.rb:15:in `create'
  [1m[36mUser Load (0.3ms)[0m  [1m[34mSELECT "users".* FROM "users" WHERE "users"."id" = $1 LIMIT $2[0m  [["id", 1], ["LIMIT", 1]]
  ↳ app/controllers/comments_controller.rb:15:in `create'
  [1m[36mPost Load (0.2ms)[0m  [1m[34mSELECT "posts".* FROM "posts" WHERE "posts"."id" = $1 LIMIT $2[0m  [["id", 3], ["LIMIT", 1]]
  ↳ app/controllers/comments_controller.rb:15:in `create'
  [1m[36mComment Create (1.0ms)[0m  [1m[32mINSERT INTO "comments" ("text", "created_at", "updated_at", "author_id", "post_id") VALUES ($1, $2, $3, $4, $5) RETURNING "id"[0m  [["text", "Check Comment"], ["created_at", "2023-06-20 08:39:44.784708"], ["updated_at", "2023-06-20 08:39:44.784708"], ["author_id", 1], ["post_id", 3]]
  ↳ app/controllers/comments_controller.rb:15:in `create'
  [1m[36mPost Update All (0.4ms)[0m  [1m[33mUPDATE "posts" SET "comments_counter" = COALESCE("comments_counter", 0) + $1 WHERE "posts"."id" = $2[0m  [["comments_counter", 1], ["id", 3]]
  ↳ app/models/comment.rb:8:in `increment_comments_counter'
  [1m[36mTRANSACTION (0.4ms)[0m  [1m[35mCOMMIT[0m
  ↳ app/controllers/comments_controller.rb:15:in `create'
Redirected to http://127.0.0.1:3000/users/1/posts/3
Completed 302 Found in 17ms (ActiveRecord: 2.7ms | Allocations: 9822)


Started GET "/users/1/posts/3" for 127.0.0.1 at 2023-06-20 11:39:44 +0300
Processing by PostsController#show as TURBO_STREAM
  Parameters: {"user_id"=>"1", "id"=>"3"}
  [1m[36mUser Load (0.3ms)[0m  [1m[34mSELECT "users".* FROM "users" WHERE "users"."id" = $1 LIMIT $2[0m  [["id", 1], ["LIMIT", 1]]
  ↳ app/controllers/posts_controller.rb:32:in `show'
  [1m[36mPost Load (0.3ms)[0m  [1m[34mSELECT "posts".* FROM "posts" WHERE "posts"."id" = $1 AND "posts"."author_id" = $2 LIMIT $3[0m  [["id", 3], ["author_id", 1], ["LIMIT", 1]]
  ↳ app/controllers/posts_controller.rb:33:in `show'
  Rendering layout layouts/application.html.erb
  Rendering posts/show.html.erb within layouts/application
  [1m[36mUser Load (0.2ms)[0m  [1m[34mSELECT "users".* FROM "users" WHERE "users"."id" = $1 LIMIT $2[0m  [["id", 1], ["LIMIT", 1]]
  ↳ app/views/posts/show.html.erb:3
  [1m[36mComment Count (0.3ms)[0m  [1m[34mSELECT COUNT(*) FROM "comments" WHERE "comments"."post_id" = $1[0m  [["post_id", 3]]
  ↳ app/views/posts/show.html.erb:9
  [1m[36mComment Load (0.2ms)[0m  [1m[34mSELECT "comments".* FROM "comments" WHERE "comments"."post_id" = $1 ORDER BY "comments"."created_at" DESC[0m  [["post_id", 3]]
  ↳ app/views/posts/show.html.erb:12
  [1m[36mCACHE User Load (0.0ms)[0m  [1m[34mSELECT "users".* FROM "users" WHERE "users"."id" = $1 LIMIT $2[0m  [["id", 1], ["LIMIT", 1]]
  ↳ app/views/posts/show.html.erb:13
  [1m[36mUser Load (0.2ms)[0m  [1m[34mSELECT "users".* FROM "users" WHERE "users"."id" = $1 LIMIT $2[0m  [["id", 3], ["LIMIT", 1]]
  ↳ app/views/posts/show.html.erb:13
  Rendered posts/show.html.erb within layouts/application (Duration: 7.5ms | Allocations: 3476)
  Rendered layout layouts/application.html.erb (Duration: 17.7ms | Allocations: 12278)
Completed 200 OK in 33ms (Views: 17.3ms | ActiveRecord: 1.6ms | Allocations: 13640)


Started GET "/users/1/posts/3/comments/new" for 127.0.0.1 at 2023-06-20 11:39:48 +0300
Processing by CommentsController#new as HTML
  Parameters: {"user_id"=>"1", "post_id"=>"3"}
  Rendering layout layouts/application.html.erb
  Rendering comments/new.html.erb within layouts/application
  Rendered comments/new.html.erb within layouts/application (Duration: 1.8ms | Allocations: 964)
  Rendered layout layouts/application.html.erb (Duration: 12.6ms | Allocations: 9235)
Completed 200 OK in 14ms (Views: 13.1ms | ActiveRecord: 0.0ms | Allocations: 9533)


Started GET "/users/1" for 127.0.0.1 at 2023-06-20 11:39:50 +0300
Processing by UsersController#show as HTML
  Parameters: {"id"=>"1"}
  [1m[36mUser Load (0.2ms)[0m  [1m[34mSELECT "users".* FROM "users" WHERE "users"."id" = $1 LIMIT $2[0m  [["id", 1], ["LIMIT", 1]]
  ↳ app/controllers/users_controller.rb:7:in `show'
  Rendering layout layouts/application.html.erb
  Rendering users/show.html.erb within layouts/application
  [1m[36mPost Count (0.3ms)[0m  [1m[34mSELECT COUNT(*) FROM (SELECT 1 AS one FROM "posts" WHERE "posts"."author_id" = $1 ORDER BY "posts"."created_at" DESC LIMIT $2) subquery_for_count[0m  [["author_id", 1], ["LIMIT", 3]]
  ↳ app/views/users/show.html.erb:18
  [1m[36mPost Load (0.2ms)[0m  [1m[34mSELECT "posts".* FROM "posts" WHERE "posts"."author_id" = $1 ORDER BY "posts"."created_at" DESC LIMIT $2[0m  [["author_id", 1], ["LIMIT", 3]]
  ↳ app/views/users/show.html.erb:21
  Rendered users/show.html.erb within layouts/application (Duration: 4.2ms | Allocations: 1773)
  Rendered layout layouts/application.html.erb (Duration: 15.4ms | Allocations: 10437)
Completed 200 OK in 18ms (Views: 15.3ms | ActiveRecord: 0.7ms | Allocations: 11195)


Started GET "/users/1/posts" for 127.0.0.1 at 2023-06-20 11:39:52 +0300
Processing by PostsController#index as HTML
  Parameters: {"user_id"=>"1"}
  [1m[36mUser Load (0.2ms)[0m  [1m[34mSELECT "users".* FROM "users" WHERE "users"."id" = $1 LIMIT $2[0m  [["id", 1], ["LIMIT", 1]]
  ↳ app/controllers/posts_controller.rb:3:in `index'
  Rendering layout layouts/application.html.erb
  Rendering posts/index.html.erb within layouts/application
  [1m[36mPost Load (0.2ms)[0m  [1m[34mSELECT "posts".* FROM "posts" WHERE "posts"."author_id" = $1[0m  [["author_id", 1]]
  ↳ app/views/posts/index.html.erb:12
  [1m[36mComment Load (0.4ms)[0m  [1m[34mSELECT "comments".* FROM "comments" WHERE "comments"."post_id" IN ($1, $2, $3)[0m  [["post_id", 1], ["post_id", 2], ["post_id", 3]]
  ↳ app/views/posts/index.html.erb:12
  [1m[36mComment Count (0.3ms)[0m  [1m[34mSELECT COUNT(*) FROM (SELECT 1 AS one FROM "comments" WHERE "comments"."post_id" = $1 ORDER BY "comments"."created_at" DESC LIMIT $2) subquery_for_count[0m  [["post_id", 1], ["LIMIT", 5]]
  ↳ app/views/posts/index.html.erb:23
  [1m[36mComment Load (0.2ms)[0m  [1m[34mSELECT "comments".* FROM "comments" WHERE "comments"."post_id" = $1 ORDER BY "comments"."created_at" DESC LIMIT $2[0m  [["post_id", 1], ["LIMIT", 5]]
  ↳ app/views/posts/index.html.erb:26
  [1m[36mUser Load (0.1ms)[0m  [1m[34mSELECT "users".* FROM "users" WHERE "users"."id" = $1 LIMIT $2[0m  [["id", 1], ["LIMIT", 1]]
  ↳ app/views/posts/index.html.erb:27
  [1m[36mComment Count (15.3ms)[0m  [1m[34mSELECT COUNT(*) FROM (SELECT 1 AS one FROM "comments" WHERE "comments"."post_id" = $1 ORDER BY "comments"."created_at" DESC LIMIT $2) subquery_for_count[0m  [["post_id", 2], ["LIMIT", 5]]
  ↳ app/views/posts/index.html.erb:23
  [1m[36mComment Load (0.2ms)[0m  [1m[34mSELECT "comments".* FROM "comments" WHERE "comments"."post_id" = $1 ORDER BY "comments"."created_at" DESC LIMIT $2[0m  [["post_id", 2], ["LIMIT", 5]]
  ↳ app/views/posts/index.html.erb:26
  [1m[36mUser Load (0.1ms)[0m  [1m[34mSELECT "users".* FROM "users" WHERE "users"."id" = $1 LIMIT $2[0m  [["id", 2], ["LIMIT", 1]]
  ↳ app/views/posts/index.html.erb:27
  [1m[36mCACHE User Load (0.0ms)[0m  [1m[34mSELECT "users".* FROM "users" WHERE "users"."id" = $1 LIMIT $2[0m  [["id", 2], ["LIMIT", 1]]
  ↳ app/views/posts/index.html.erb:27
  [1m[36mComment Count (0.3ms)[0m  [1m[34mSELECT COUNT(*) FROM (SELECT 1 AS one FROM "comments" WHERE "comments"."post_id" = $1 ORDER BY "comments"."created_at" DESC LIMIT $2) subquery_for_count[0m  [["post_id", 3], ["LIMIT", 5]]
  ↳ app/views/posts/index.html.erb:23
  [1m[36mComment Load (0.2ms)[0m  [1m[34mSELECT "comments".* FROM "comments" WHERE "comments"."post_id" = $1 ORDER BY "comments"."created_at" DESC LIMIT $2[0m  [["post_id", 3], ["LIMIT", 5]]
  ↳ app/views/posts/index.html.erb:26
  [1m[36mCACHE User Load (0.0ms)[0m  [1m[34mSELECT "users".* FROM "users" WHERE "users"."id" = $1 LIMIT $2[0m  [["id", 1], ["LIMIT", 1]]
  ↳ app/views/posts/index.html.erb:27
  [1m[36mUser Load (0.2ms)[0m  [1m[34mSELECT "users".* FROM "users" WHERE "users"."id" = $1 LIMIT $2[0m  [["id", 3], ["LIMIT", 1]]
  ↳ app/views/posts/index.html.erb:27
  Rendered posts/index.html.erb within layouts/application (Duration: 51.0ms | Allocations: 14773)
  Rendered layout layouts/application.html.erb (Duration: 59.1ms | Allocations: 23164)
Completed 200 OK in 62ms (Views: 41.9ms | ActiveRecord: 17.8ms | Allocations: 24163)


Started POST "/users/1/posts/1/likes" for 127.0.0.1 at 2023-06-20 11:40:01 +0300
Processing by LikesController#create as TURBO_STREAM
  Parameters: {"authenticity_token"=>"[FILTERED]", "commit"=>"Like Post", "user_id"=>"1", "post_id"=>"1"}
  [1m[36mUser Load (0.2ms)[0m  [1m[34mSELECT "users".* FROM "users" ORDER BY "users"."id" ASC LIMIT $1[0m  [["LIMIT", 1]]
  ↳ app/controllers/application_controller.rb:3:in `current_user'
  [1m[36mCACHE User Load (0.0ms)[0m  [1m[34mSELECT "users".* FROM "users" ORDER BY "users"."id" ASC LIMIT $1[0m  [["LIMIT", 1]]
  ↳ app/controllers/application_controller.rb:3:in `current_user'
  [1m[36mPost Load (0.3ms)[0m  [1m[34mSELECT "posts".* FROM "posts" WHERE "posts"."id" = $1 LIMIT $2[0m  [["id", 1], ["LIMIT", 1]]
  ↳ app/controllers/likes_controller.rb:9:in `create'
  [1m[36mTRANSACTION (0.1ms)[0m  [1m[35mBEGIN[0m
  ↳ app/controllers/likes_controller.rb:11:in `create'
  [1m[36mPost Load (0.3ms)[0m  [1m[34mSELECT "posts".* FROM "posts" WHERE "posts"."id" = $1 LIMIT $2[0m  [["id", 1], ["LIMIT", 1]]
  ↳ app/controllers/likes_controller.rb:11:in `create'
  [1m[36mLike Create (0.6ms)[0m  [1m[32mINSERT INTO "likes" ("created_at", "updated_at", "author_id", "post_id") VALUES ($1, $2, $3, $4) RETURNING "id"[0m  [["created_at", "2023-06-20 08:40:01.579455"], ["updated_at", "2023-06-20 08:40:01.579455"], ["author_id", 1], ["post_id", 1]]
  ↳ app/controllers/likes_controller.rb:11:in `create'
  [1m[36mPost Update All (0.2ms)[0m  [1m[33mUPDATE "posts" SET "likes_counter" = COALESCE("likes_counter", 0) + $1 WHERE "posts"."id" = $2[0m  [["likes_counter", 1], ["id", 1]]
  ↳ app/models/like.rb:8:in `increment_likes_counter'
  [1m[36mTRANSACTION (0.4ms)[0m  [1m[35mCOMMIT[0m
  ↳ app/controllers/likes_controller.rb:11:in `create'
Redirected to http://127.0.0.1:3000/users/1/posts/1
Completed 302 Found in 32ms (ActiveRecord: 4.9ms | Allocations: 9292)


Started GET "/users/1/posts/1" for 127.0.0.1 at 2023-06-20 11:40:01 +0300
Processing by PostsController#show as TURBO_STREAM
  Parameters: {"user_id"=>"1", "id"=>"1"}
  [1m[36mUser Load (0.2ms)[0m  [1m[34mSELECT "users".* FROM "users" WHERE "users"."id" = $1 LIMIT $2[0m  [["id", 1], ["LIMIT", 1]]
  ↳ app/controllers/posts_controller.rb:32:in `show'
  [1m[36mPost Load (0.9ms)[0m  [1m[34mSELECT "posts".* FROM "posts" WHERE "posts"."id" = $1 AND "posts"."author_id" = $2 LIMIT $3[0m  [["id", 1], ["author_id", 1], ["LIMIT", 1]]
  ↳ app/controllers/posts_controller.rb:33:in `show'
  Rendering layout layouts/application.html.erb
  Rendering posts/show.html.erb within layouts/application
  [1m[36mUser Load (0.3ms)[0m  [1m[34mSELECT "users".* FROM "users" WHERE "users"."id" = $1 LIMIT $2[0m  [["id", 1], ["LIMIT", 1]]
  ↳ app/views/posts/show.html.erb:3
  [1m[36mComment Count (0.4ms)[0m  [1m[34mSELECT COUNT(*) FROM "comments" WHERE "comments"."post_id" = $1[0m  [["post_id", 1]]
  ↳ app/views/posts/show.html.erb:9
  [1m[36mComment Load (0.3ms)[0m  [1m[34mSELECT "comments".* FROM "comments" WHERE "comments"."post_id" = $1 ORDER BY "comments"."created_at" DESC[0m  [["post_id", 1]]
  ↳ app/views/posts/show.html.erb:12
  [1m[36mCACHE User Load (0.0ms)[0m  [1m[34mSELECT "users".* FROM "users" WHERE "users"."id" = $1 LIMIT $2[0m  [["id", 1], ["LIMIT", 1]]
  ↳ app/views/posts/show.html.erb:13
  Rendered posts/show.html.erb within layouts/application (Duration: 8.3ms | Allocations: 2767)
  Rendered layout layouts/application.html.erb (Duration: 20.7ms | Allocations: 11540)
Completed 200 OK in 26ms (Views: 20.6ms | ActiveRecord: 2.0ms | Allocations: 12856)


Started GET "/users/1/posts" for 127.0.0.1 at 2023-06-20 11:40:04 +0300
Processing by PostsController#index as HTML
  Parameters: {"user_id"=>"1"}
  [1m[36mUser Load (0.1ms)[0m  [1m[34mSELECT "users".* FROM "users" WHERE "users"."id" = $1 LIMIT $2[0m  [["id", 1], ["LIMIT", 1]]
  ↳ app/controllers/posts_controller.rb:3:in `index'
  Rendering layout layouts/application.html.erb
  Rendering posts/index.html.erb within layouts/application
  [1m[36mPost Load (0.3ms)[0m  [1m[34mSELECT "posts".* FROM "posts" WHERE "posts"."author_id" = $1[0m  [["author_id", 1]]
  ↳ app/views/posts/index.html.erb:12
  [1m[36mComment Load (0.3ms)[0m  [1m[34mSELECT "comments".* FROM "comments" WHERE "comments"."post_id" IN ($1, $2, $3)[0m  [["post_id", 1], ["post_id", 2], ["post_id", 3]]
  ↳ app/views/posts/index.html.erb:12
  [1m[36mComment Count (0.5ms)[0m  [1m[34mSELECT COUNT(*) FROM (SELECT 1 AS one FROM "comments" WHERE "comments"."post_id" = $1 ORDER BY "comments"."created_at" DESC LIMIT $2) subquery_for_count[0m  [["post_id", 1], ["LIMIT", 5]]
  ↳ app/views/posts/index.html.erb:23
  [1m[36mComment Load (0.3ms)[0m  [1m[34mSELECT "comments".* FROM "comments" WHERE "comments"."post_id" = $1 ORDER BY "comments"."created_at" DESC LIMIT $2[0m  [["post_id", 1], ["LIMIT", 5]]
  ↳ app/views/posts/index.html.erb:26
  [1m[36mUser Load (0.2ms)[0m  [1m[34mSELECT "users".* FROM "users" WHERE "users"."id" = $1 LIMIT $2[0m  [["id", 1], ["LIMIT", 1]]
  ↳ app/views/posts/index.html.erb:27
  [1m[36mComment Count (0.3ms)[0m  [1m[34mSELECT COUNT(*) FROM (SELECT 1 AS one FROM "comments" WHERE "comments"."post_id" = $1 ORDER BY "comments"."created_at" DESC LIMIT $2) subquery_for_count[0m  [["post_id", 2], ["LIMIT", 5]]
  ↳ app/views/posts/index.html.erb:23
  [1m[36mComment Load (0.2ms)[0m  [1m[34mSELECT "comments".* FROM "comments" WHERE "comments"."post_id" = $1 ORDER BY "comments"."created_at" DESC LIMIT $2[0m  [["post_id", 2], ["LIMIT", 5]]
  ↳ app/views/posts/index.html.erb:26
  [1m[36mUser Load (9.8ms)[0m  [1m[34mSELECT "users".* FROM "users" WHERE "users"."id" = $1 LIMIT $2[0m  [["id", 2], ["LIMIT", 1]]
  ↳ app/views/posts/index.html.erb:27
  [1m[36mCACHE User Load (0.0ms)[0m  [1m[34mSELECT "users".* FROM "users" WHERE "users"."id" = $1 LIMIT $2[0m  [["id", 2], ["LIMIT", 1]]
  ↳ app/views/posts/index.html.erb:27
  [1m[36mComment Count (0.4ms)[0m  [1m[34mSELECT COUNT(*) FROM (SELECT 1 AS one FROM "comments" WHERE "comments"."post_id" = $1 ORDER BY "comments"."created_at" DESC LIMIT $2) subquery_for_count[0m  [["post_id", 3], ["LIMIT", 5]]
  ↳ app/views/posts/index.html.erb:23
  [1m[36mComment Load (0.3ms)[0m  [1m[34mSELECT "comments".* FROM "comments" WHERE "comments"."post_id" = $1 ORDER BY "comments"."created_at" DESC LIMIT $2[0m  [["post_id", 3], ["LIMIT", 5]]
  ↳ app/views/posts/index.html.erb:26
  [1m[36mCACHE User Load (0.0ms)[0m  [1m[34mSELECT "users".* FROM "users" WHERE "users"."id" = $1 LIMIT $2[0m  [["id", 1], ["LIMIT", 1]]
  ↳ app/views/posts/index.html.erb:27
  [1m[36mUser Load (0.2ms)[0m  [1m[34mSELECT "users".* FROM "users" WHERE "users"."id" = $1 LIMIT $2[0m  [["id", 3], ["LIMIT", 1]]
  ↳ app/views/posts/index.html.erb:27
  Rendered posts/index.html.erb within layouts/application (Duration: 47.3ms | Allocations: 10603)
  Rendered layout layouts/application.html.erb (Duration: 57.7ms | Allocations: 18912)
Completed 200 OK in 61ms (Views: 45.2ms | ActiveRecord: 13.1ms | Allocations: 19809)


Started POST "/users/1/posts/1/likes" for 127.0.0.1 at 2023-06-20 11:40:05 +0300
Processing by LikesController#create as TURBO_STREAM
  Parameters: {"authenticity_token"=>"[FILTERED]", "commit"=>"Like Post", "user_id"=>"1", "post_id"=>"1"}
  [1m[36mUser Load (0.3ms)[0m  [1m[34mSELECT "users".* FROM "users" ORDER BY "users"."id" ASC LIMIT $1[0m  [["LIMIT", 1]]
  ↳ app/controllers/application_controller.rb:3:in `current_user'
  [1m[36mCACHE User Load (0.0ms)[0m  [1m[34mSELECT "users".* FROM "users" ORDER BY "users"."id" ASC LIMIT $1[0m  [["LIMIT", 1]]
  ↳ app/controllers/application_controller.rb:3:in `current_user'
  [1m[36mPost Load (0.3ms)[0m  [1m[34mSELECT "posts".* FROM "posts" WHERE "posts"."id" = $1 LIMIT $2[0m  [["id", 1], ["LIMIT", 1]]
  ↳ app/controllers/likes_controller.rb:9:in `create'
  [1m[36mTRANSACTION (0.1ms)[0m  [1m[35mBEGIN[0m
  ↳ app/controllers/likes_controller.rb:11:in `create'
  [1m[36mPost Load (0.3ms)[0m  [1m[34mSELECT "posts".* FROM "posts" WHERE "posts"."id" = $1 LIMIT $2[0m  [["id", 1], ["LIMIT", 1]]
  ↳ app/controllers/likes_controller.rb:11:in `create'
  [1m[36mLike Create (0.5ms)[0m  [1m[32mINSERT INTO "likes" ("created_at", "updated_at", "author_id", "post_id") VALUES ($1, $2, $3, $4) RETURNING "id"[0m  [["created_at", "2023-06-20 08:40:05.593570"], ["updated_at", "2023-06-20 08:40:05.593570"], ["author_id", 1], ["post_id", 1]]
  ↳ app/controllers/likes_controller.rb:11:in `create'
  [1m[36mPost Update All (0.2ms)[0m  [1m[33mUPDATE "posts" SET "likes_counter" = COALESCE("likes_counter", 0) + $1 WHERE "posts"."id" = $2[0m  [["likes_counter", 1], ["id", 1]]
  ↳ app/models/like.rb:8:in `increment_likes_counter'
  [1m[36mTRANSACTION (0.3ms)[0m  [1m[35mCOMMIT[0m
  ↳ app/controllers/likes_controller.rb:11:in `create'
Redirected to http://127.0.0.1:3000/users/1/posts/1
Completed 302 Found in 13ms (ActiveRecord: 2.1ms | Allocations: 5494)


Started GET "/users/1/posts/1" for 127.0.0.1 at 2023-06-20 11:40:05 +0300
Processing by PostsController#show as TURBO_STREAM
  Parameters: {"user_id"=>"1", "id"=>"1"}
  [1m[36mUser Load (0.2ms)[0m  [1m[34mSELECT "users".* FROM "users" WHERE "users"."id" = $1 LIMIT $2[0m  [["id", 1], ["LIMIT", 1]]
  ↳ app/controllers/posts_controller.rb:32:in `show'
  [1m[36mPost Load (0.3ms)[0m  [1m[34mSELECT "posts".* FROM "posts" WHERE "posts"."id" = $1 AND "posts"."author_id" = $2 LIMIT $3[0m  [["id", 1], ["author_id", 1], ["LIMIT", 1]]
  ↳ app/controllers/posts_controller.rb:33:in `show'
  Rendering layout layouts/application.html.erb
  Rendering posts/show.html.erb within layouts/application
  [1m[36mUser Load (0.2ms)[0m  [1m[34mSELECT "users".* FROM "users" WHERE "users"."id" = $1 LIMIT $2[0m  [["id", 1], ["LIMIT", 1]]
  ↳ app/views/posts/show.html.erb:3
  [1m[36mComment Count (0.3ms)[0m  [1m[34mSELECT COUNT(*) FROM "comments" WHERE "comments"."post_id" = $1[0m  [["post_id", 1]]
  ↳ app/views/posts/show.html.erb:9
  [1m[36mComment Load (0.2ms)[0m  [1m[34mSELECT "comments".* FROM "comments" WHERE "comments"."post_id" = $1 ORDER BY "comments"."created_at" DESC[0m  [["post_id", 1]]
  ↳ app/views/posts/show.html.erb:12
  [1m[36mCACHE User Load (0.0ms)[0m  [1m[34mSELECT "users".* FROM "users" WHERE "users"."id" = $1 LIMIT $2[0m  [["id", 1], ["LIMIT", 1]]
  ↳ app/views/posts/show.html.erb:13
  Rendered posts/show.html.erb within layouts/application (Duration: 6.0ms | Allocations: 2724)
  Rendered layout layouts/application.html.erb (Duration: 15.7ms | Allocations: 11415)
Completed 200 OK in 25ms (Views: 15.4ms | ActiveRecord: 1.2ms | Allocations: 12686)


Started GET "/users/1/posts" for 127.0.0.1 at 2023-06-20 11:40:06 +0300
Processing by PostsController#index as HTML
  Parameters: {"user_id"=>"1"}
  [1m[36mUser Load (0.1ms)[0m  [1m[34mSELECT "users".* FROM "users" WHERE "users"."id" = $1 LIMIT $2[0m  [["id", 1], ["LIMIT", 1]]
  ↳ app/controllers/posts_controller.rb:3:in `index'
  Rendering layout layouts/application.html.erb
  Rendering posts/index.html.erb within layouts/application
  [1m[36mPost Load (0.3ms)[0m  [1m[34mSELECT "posts".* FROM "posts" WHERE "posts"."author_id" = $1[0m  [["author_id", 1]]
  ↳ app/views/posts/index.html.erb:12
  [1m[36mComment Load (0.2ms)[0m  [1m[34mSELECT "comments".* FROM "comments" WHERE "comments"."post_id" IN ($1, $2, $3)[0m  [["post_id", 1], ["post_id", 2], ["post_id", 3]]
  ↳ app/views/posts/index.html.erb:12
  [1m[36mComment Count (15.3ms)[0m  [1m[34mSELECT COUNT(*) FROM (SELECT 1 AS one FROM "comments" WHERE "comments"."post_id" = $1 ORDER BY "comments"."created_at" DESC LIMIT $2) subquery_for_count[0m  [["post_id", 1], ["LIMIT", 5]]
  ↳ app/views/posts/index.html.erb:23
  [1m[36mComment Load (0.4ms)[0m  [1m[34mSELECT "comments".* FROM "comments" WHERE "comments"."post_id" = $1 ORDER BY "comments"."created_at" DESC LIMIT $2[0m  [["post_id", 1], ["LIMIT", 5]]
  ↳ app/views/posts/index.html.erb:26
  [1m[36mUser Load (27.2ms)[0m  [1m[34mSELECT "users".* FROM "users" WHERE "users"."id" = $1 LIMIT $2[0m  [["id", 1], ["LIMIT", 1]]
  ↳ app/views/posts/index.html.erb:27
  [1m[36mComment Count (0.4ms)[0m  [1m[34mSELECT COUNT(*) FROM (SELECT 1 AS one FROM "comments" WHERE "comments"."post_id" = $1 ORDER BY "comments"."created_at" DESC LIMIT $2) subquery_for_count[0m  [["post_id", 2], ["LIMIT", 5]]
  ↳ app/views/posts/index.html.erb:23
  [1m[36mComment Load (0.2ms)[0m  [1m[34mSELECT "comments".* FROM "comments" WHERE "comments"."post_id" = $1 ORDER BY "comments"."created_at" DESC LIMIT $2[0m  [["post_id", 2], ["LIMIT", 5]]
  ↳ app/views/posts/index.html.erb:26
  [1m[36mUser Load (0.2ms)[0m  [1m[34mSELECT "users".* FROM "users" WHERE "users"."id" = $1 LIMIT $2[0m  [["id", 2], ["LIMIT", 1]]
  ↳ app/views/posts/index.html.erb:27
  [1m[36mCACHE User Load (0.0ms)[0m  [1m[34mSELECT "users".* FROM "users" WHERE "users"."id" = $1 LIMIT $2[0m  [["id", 2], ["LIMIT", 1]]
  ↳ app/views/posts/index.html.erb:27
  [1m[36mComment Count (0.4ms)[0m  [1m[34mSELECT COUNT(*) FROM (SELECT 1 AS one FROM "comments" WHERE "comments"."post_id" = $1 ORDER BY "comments"."created_at" DESC LIMIT $2) subquery_for_count[0m  [["post_id", 3], ["LIMIT", 5]]
  ↳ app/views/posts/index.html.erb:23
  [1m[36mComment Load (0.2ms)[0m  [1m[34mSELECT "comments".* FROM "comments" WHERE "comments"."post_id" = $1 ORDER BY "comments"."created_at" DESC LIMIT $2[0m  [["post_id", 3], ["LIMIT", 5]]
  ↳ app/views/posts/index.html.erb:26
  [1m[36mCACHE User Load (0.0ms)[0m  [1m[34mSELECT "users".* FROM "users" WHERE "users"."id" = $1 LIMIT $2[0m  [["id", 1], ["LIMIT", 1]]
  ↳ app/views/posts/index.html.erb:27
  [1m[36mUser Load (0.2ms)[0m  [1m[34mSELECT "users".* FROM "users" WHERE "users"."id" = $1 LIMIT $2[0m  [["id", 3], ["LIMIT", 1]]
  ↳ app/views/posts/index.html.erb:27
  Rendered posts/index.html.erb within layouts/application (Duration: 85.9ms | Allocations: 10555)
  Rendered layout layouts/application.html.erb (Duration: 97.2ms | Allocations: 18822)
Completed 200 OK in 100ms (Views: 52.7ms | ActiveRecord: 45.1ms | Allocations: 19718)


Started POST "/users/1/posts/3/likes" for 127.0.0.1 at 2023-06-20 11:40:08 +0300
Processing by LikesController#create as TURBO_STREAM
  Parameters: {"authenticity_token"=>"[FILTERED]", "commit"=>"Like Post", "user_id"=>"1", "post_id"=>"3"}
  [1m[36mUser Load (0.3ms)[0m  [1m[34mSELECT "users".* FROM "users" ORDER BY "users"."id" ASC LIMIT $1[0m  [["LIMIT", 1]]
  ↳ app/controllers/application_controller.rb:3:in `current_user'
  [1m[36mCACHE User Load (0.0ms)[0m  [1m[34mSELECT "users".* FROM "users" ORDER BY "users"."id" ASC LIMIT $1[0m  [["LIMIT", 1]]
  ↳ app/controllers/application_controller.rb:3:in `current_user'
  [1m[36mPost Load (0.2ms)[0m  [1m[34mSELECT "posts".* FROM "posts" WHERE "posts"."id" = $1 LIMIT $2[0m  [["id", 3], ["LIMIT", 1]]
  ↳ app/controllers/likes_controller.rb:9:in `create'
  [1m[36mTRANSACTION (0.2ms)[0m  [1m[35mBEGIN[0m
  ↳ app/controllers/likes_controller.rb:11:in `create'
  [1m[36mPost Load (0.2ms)[0m  [1m[34mSELECT "posts".* FROM "posts" WHERE "posts"."id" = $1 LIMIT $2[0m  [["id", 3], ["LIMIT", 1]]
  ↳ app/controllers/likes_controller.rb:11:in `create'
  [1m[36mLike Create (0.4ms)[0m  [1m[32mINSERT INTO "likes" ("created_at", "updated_at", "author_id", "post_id") VALUES ($1, $2, $3, $4) RETURNING "id"[0m  [["created_at", "2023-06-20 08:40:08.794820"], ["updated_at", "2023-06-20 08:40:08.794820"], ["author_id", 1], ["post_id", 3]]
  ↳ app/controllers/likes_controller.rb:11:in `create'
  [1m[36mPost Update All (0.3ms)[0m  [1m[33mUPDATE "posts" SET "likes_counter" = COALESCE("likes_counter", 0) + $1 WHERE "posts"."id" = $2[0m  [["likes_counter", 1], ["id", 3]]
  ↳ app/models/like.rb:8:in `increment_likes_counter'
  [1m[36mTRANSACTION (0.3ms)[0m  [1m[35mCOMMIT[0m
  ↳ app/controllers/likes_controller.rb:11:in `create'
Redirected to http://127.0.0.1:3000/users/1/posts/3
Completed 302 Found in 11ms (ActiveRecord: 1.7ms | Allocations: 5494)


Started GET "/users/1/posts/3" for 127.0.0.1 at 2023-06-20 11:40:08 +0300
Processing by PostsController#show as TURBO_STREAM
  Parameters: {"user_id"=>"1", "id"=>"3"}
  [1m[36mUser Load (0.2ms)[0m  [1m[34mSELECT "users".* FROM "users" WHERE "users"."id" = $1 LIMIT $2[0m  [["id", 1], ["LIMIT", 1]]
  ↳ app/controllers/posts_controller.rb:32:in `show'
  [1m[36mPost Load (0.4ms)[0m  [1m[34mSELECT "posts".* FROM "posts" WHERE "posts"."id" = $1 AND "posts"."author_id" = $2 LIMIT $3[0m  [["id", 3], ["author_id", 1], ["LIMIT", 1]]
  ↳ app/controllers/posts_controller.rb:33:in `show'
  Rendering layout layouts/application.html.erb
  Rendering posts/show.html.erb within layouts/application
  [1m[36mUser Load (0.2ms)[0m  [1m[34mSELECT "users".* FROM "users" WHERE "users"."id" = $1 LIMIT $2[0m  [["id", 1], ["LIMIT", 1]]
  ↳ app/views/posts/show.html.erb:3
  [1m[36mComment Count (0.4ms)[0m  [1m[34mSELECT COUNT(*) FROM "comments" WHERE "comments"."post_id" = $1[0m  [["post_id", 3]]
  ↳ app/views/posts/show.html.erb:9
  [1m[36mComment Load (0.2ms)[0m  [1m[34mSELECT "comments".* FROM "comments" WHERE "comments"."post_id" = $1 ORDER BY "comments"."created_at" DESC[0m  [["post_id", 3]]
  ↳ app/views/posts/show.html.erb:12
  [1m[36mCACHE User Load (0.0ms)[0m  [1m[34mSELECT "users".* FROM "users" WHERE "users"."id" = $1 LIMIT $2[0m  [["id", 1], ["LIMIT", 1]]
  ↳ app/views/posts/show.html.erb:13
  [1m[36mUser Load (0.2ms)[0m  [1m[34mSELECT "users".* FROM "users" WHERE "users"."id" = $1 LIMIT $2[0m  [["id", 3], ["LIMIT", 1]]
  ↳ app/views/posts/show.html.erb:13
  Rendered posts/show.html.erb within layouts/application (Duration: 7.3ms | Allocations: 3421)
  Rendered layout layouts/application.html.erb (Duration: 17.4ms | Allocations: 12094)
Completed 200 OK in 26ms (Views: 16.9ms | ActiveRecord: 1.6ms | Allocations: 13364)


Started GET "/users/1/posts" for 127.0.0.1 at 2023-06-20 11:40:10 +0300
Processing by PostsController#index as HTML
  Parameters: {"user_id"=>"1"}
  [1m[36mUser Load (0.1ms)[0m  [1m[34mSELECT "users".* FROM "users" WHERE "users"."id" = $1 LIMIT $2[0m  [["id", 1], ["LIMIT", 1]]
  ↳ app/controllers/posts_controller.rb:3:in `index'
  Rendering layout layouts/application.html.erb
  Rendering posts/index.html.erb within layouts/application
  [1m[36mPost Load (0.4ms)[0m  [1m[34mSELECT "posts".* FROM "posts" WHERE "posts"."author_id" = $1[0m  [["author_id", 1]]
  ↳ app/views/posts/index.html.erb:12
  [1m[36mComment Load (0.3ms)[0m  [1m[34mSELECT "comments".* FROM "comments" WHERE "comments"."post_id" IN ($1, $2, $3)[0m  [["post_id", 1], ["post_id", 2], ["post_id", 3]]
  ↳ app/views/posts/index.html.erb:12
  [1m[36mComment Count (0.4ms)[0m  [1m[34mSELECT COUNT(*) FROM (SELECT 1 AS one FROM "comments" WHERE "comments"."post_id" = $1 ORDER BY "comments"."created_at" DESC LIMIT $2) subquery_for_count[0m  [["post_id", 1], ["LIMIT", 5]]
  ↳ app/views/posts/index.html.erb:23
  [1m[36mComment Load (1.4ms)[0m  [1m[34mSELECT "comments".* FROM "comments" WHERE "comments"."post_id" = $1 ORDER BY "comments"."created_at" DESC LIMIT $2[0m  [["post_id", 1], ["LIMIT", 5]]
  ↳ app/views/posts/index.html.erb:26
  [1m[36mUser Load (0.1ms)[0m  [1m[34mSELECT "users".* FROM "users" WHERE "users"."id" = $1 LIMIT $2[0m  [["id", 1], ["LIMIT", 1]]
  ↳ app/views/posts/index.html.erb:27
  [1m[36mComment Count (0.3ms)[0m  [1m[34mSELECT COUNT(*) FROM (SELECT 1 AS one FROM "comments" WHERE "comments"."post_id" = $1 ORDER BY "comments"."created_at" DESC LIMIT $2) subquery_for_count[0m  [["post_id", 2], ["LIMIT", 5]]
  ↳ app/views/posts/index.html.erb:23
  [1m[36mComment Load (0.2ms)[0m  [1m[34mSELECT "comments".* FROM "comments" WHERE "comments"."post_id" = $1 ORDER BY "comments"."created_at" DESC LIMIT $2[0m  [["post_id", 2], ["LIMIT", 5]]
  ↳ app/views/posts/index.html.erb:26
  [1m[36mUser Load (0.1ms)[0m  [1m[34mSELECT "users".* FROM "users" WHERE "users"."id" = $1 LIMIT $2[0m  [["id", 2], ["LIMIT", 1]]
  ↳ app/views/posts/index.html.erb:27
  [1m[36mCACHE User Load (0.0ms)[0m  [1m[34mSELECT "users".* FROM "users" WHERE "users"."id" = $1 LIMIT $2[0m  [["id", 2], ["LIMIT", 1]]
  ↳ app/views/posts/index.html.erb:27
  [1m[36mComment Count (16.4ms)[0m  [1m[34mSELECT COUNT(*) FROM (SELECT 1 AS one FROM "comments" WHERE "comments"."post_id" = $1 ORDER BY "comments"."created_at" DESC LIMIT $2) subquery_for_count[0m  [["post_id", 3], ["LIMIT", 5]]
  ↳ app/views/posts/index.html.erb:23
  [1m[36mComment Load (0.3ms)[0m  [1m[34mSELECT "comments".* FROM "comments" WHERE "comments"."post_id" = $1 ORDER BY "comments"."created_at" DESC LIMIT $2[0m  [["post_id", 3], ["LIMIT", 5]]
  ↳ app/views/posts/index.html.erb:26
  [1m[36mCACHE User Load (0.0ms)[0m  [1m[34mSELECT "users".* FROM "users" WHERE "users"."id" = $1 LIMIT $2[0m  [["id", 1], ["LIMIT", 1]]
  ↳ app/views/posts/index.html.erb:27
  [1m[36mUser Load (0.3ms)[0m  [1m[34mSELECT "users".* FROM "users" WHERE "users"."id" = $1 LIMIT $2[0m  [["id", 3], ["LIMIT", 1]]
  ↳ app/views/posts/index.html.erb:27
  Rendered posts/index.html.erb within layouts/application (Duration: 44.1ms | Allocations: 10561)
  Rendered layout layouts/application.html.erb (Duration: 53.8ms | Allocations: 18821)
Completed 200 OK in 57ms (Views: 34.1ms | ActiveRecord: 20.3ms | Allocations: 19717)


  [1m[35m (0.2ms)[0m  [1m[34mSELECT pg_try_advisory_lock(6045777927375424770)[0m
  [1m[36mActiveRecord::SchemaMigration Pluck (1.3ms)[0m  [1m[34mSELECT "schema_migrations"."version" FROM "schema_migrations" ORDER BY "schema_migrations"."version" ASC[0m
  [1m[36mActiveRecord::InternalMetadata Load (0.3ms)[0m  [1m[34mSELECT "ar_internal_metadata".* FROM "ar_internal_metadata" WHERE "ar_internal_metadata"."key" = $1 LIMIT $2[0m  [["key", "environment"], ["LIMIT", 1]]
  [1m[35m (0.3ms)[0m  [1m[34mSELECT pg_advisory_unlock(6045777927375424770)[0m
  [1m[36mActiveRecord::SchemaMigration Pluck (0.4ms)[0m  [1m[34mSELECT "schema_migrations"."version" FROM "schema_migrations" ORDER BY "schema_migrations"."version" ASC[0m
